<?xml version="1.0" encoding="UTF-8"?>
<!-- Generated by org.testng.reporters.JUnitReportReporter -->
<testsuite name="testingxperts.web.tests.KD_TC_04" tests="201" time="16357.574" ignored="0" failures="0" timestamp="27 Apr 2017 14:09:29 GMT" skipped="0" hostname="cddmww741" errors="3">
  <testcase name="test" time="81.292" classname="testingxperts.web.tests.KD_TC_04"/>
  <testcase name="test" time="83.076" classname="testingxperts.web.tests.KD_TC_04"/>
  <testcase name="test" time="80.123" classname="testingxperts.web.tests.KD_TC_04"/>
  <testcase name="test" time="81.190" classname="testingxperts.web.tests.KD_TC_04"/>
  <testcase name="test" time="81.754" classname="testingxperts.web.tests.KD_TC_04"/>
  <testcase name="test" time="80.994" classname="testingxperts.web.tests.KD_TC_04"/>
  <testcase name="test" time="142.052" classname="testingxperts.web.tests.KD_TC_04"/>
  <testcase name="test" time="102.559" classname="testingxperts.web.tests.KD_TC_04"/>
  <testcase name="test" time="80.600" classname="testingxperts.web.tests.KD_TC_04"/>
  <testcase name="test" time="78.772" classname="testingxperts.web.tests.KD_TC_04"/>
  <testcase name="test" time="80.285" classname="testingxperts.web.tests.KD_TC_04"/>
  <testcase name="test" time="83.268" classname="testingxperts.web.tests.KD_TC_04"/>
  <testcase name="test" time="42.270" classname="testingxperts.web.tests.KD_TC_04">
    <error type="org.openqa.selenium.WebDriverException" message="unknown error: Element &lt;a href=&quot;#&quot; class=&quot;yuimenuitemlabel&quot;&gt;...&lt;/a&gt; is not clickable at point (250, 209). Other element would receive the click: &lt;tbody id=&quot;id1f5&quot; style=&quot;overflow-x:auto;overflow-y:auto;position:absolute;left:0px;right:0px;bottom:0px;border-spacing:0px;-webkit-overflow-scrolling:touch;top:20px;padding-right:0px;&quot; class=&quot;rowsContainerBody&quot; onscroll=&quot;Servoy.TableView.scrollHeader(&#039;id1f6&#039;, &#039;id1f5&#039;);clearTimeout(Servoy.TableView.appendRowsTimer); Servoy.TableView.appendRowsTimer = setTimeout(&amp;quot;var currentScrollTop = $(&#039;#id1f5&#039;).scrollTop();var currentScrollLeft = $(&#039;#id1f5&#039;).scrollLeft();var scrollDiff = Servoy.TableView.needToUpdateRowsBuffer(&#039;id1f5&#039;);if (function(){if (Wicket.$(&#039;id1f5&#039;) != null) {onABC();return true;} else return false;}.bind(this)()) { Wicket.showIncrementally(&#039;indicator&#039;);}var wcall=wicketAjaxGet(&#039;?x=93zB5sVU8bPtRbkzhuNzhXAScWy20Fat&#039;+&#039;&amp;amp;scrollDiff=&#039;+scrollDiff+&#039;&amp;amp;currentScrollTop=&#039;+currentScrollTop+&#039;&amp;amp;currentScrollLeft=&#039;+currentScrollLeft,function() { hideBlocker();;Wicket.hideIncrementally(&#039;indicator&#039;);}.bind(this),function() { onAjaxError();;Wicket.hideIncrementally(&#039;indicator&#039;);}.bind(this), function() {if (!function() {if (Wicket.$(&#039;id1f5&#039;) != null) {onABC();return true;} else return false;}.bind(this)()) {Wicket.hideIncrementally(&#039;indicator&#039;);}if (Wicket.$(&#039;id1f5&#039;) != null) {onABC();return true;} else return false;}.bind(this));&amp;quot;, 500);&quot;&gt;...&lt;/tbody&gt;
  (Session info: chrome=57.0.2987.133)
  (Driver info: chromedriver=2.28.455520 (cc17746adff54984afff480136733114c6b3704b),platform=Windows NT 6.1.7601 SP1 x86_64) (WARNING: The server did not provide any stacktrace information)
Command duration or timeout: 166 milliseconds
Build info: version: &#039;2.53.0&#039;, revision: &#039;35ae25b1534ae328c771e0856c93e187490ca824&#039;, time: &#039;2016-03-15 10:43:46&#039;
System info: host: &#039;cddmww741&#039;, ip: &#039;172.23.2.56&#039;, os.name: &#039;Windows 7&#039;, os.arch: &#039;amd64&#039;, os.version: &#039;6.1&#039;, java.version: &#039;1.8.0_121&#039;
Driver info: org.openqa.selenium.chrome.ChromeDriver
Capabilities [{applicationCacheEnabled=false, rotatable=false, mobileEmulationEnabled=false, networkConnectionEnabled=false, chrome={chromedriverVersion=2.28.455520 (cc17746adff54984afff480136733114c6b3704b), userDataDir=C:\Users\venkat\AppData\Local\Temp\scoped_dir1464_19502}, takesHeapSnapshot=true, pageLoadStrategy=normal, databaseEnabled=false, handlesAlerts=true, hasTouchScreen=false, version=57.0.2987.133, platform=XP, browserConnectionEnabled=false, nativeEvents=true, acceptSslCerts=true, locationContextEnabled=true, webStorageEnabled=true, browserName=chrome, takesScreenshot=true, javascriptEnabled=true, cssSelectorsEnabled=true, unexpectedAlertBehaviour=}]
Session ID: b37453f9919c5e06ddb8a3f799d4cdec">
      <![CDATA[org.openqa.selenium.WebDriverException: unknown error: Element <a href="#" class="yuimenuitemlabel">...</a> is not clickable at point (250, 209). Other element would receive the click: <tbody id="id1f5" style="overflow-x:auto;overflow-y:auto;position:absolute;left:0px;right:0px;bottom:0px;border-spacing:0px;-webkit-overflow-scrolling:touch;top:20px;padding-right:0px;" class="rowsContainerBody" onscroll="Servoy.TableView.scrollHeader('id1f6', 'id1f5');clearTimeout(Servoy.TableView.appendRowsTimer); Servoy.TableView.appendRowsTimer = setTimeout(&quot;var currentScrollTop = $('#id1f5').scrollTop();var currentScrollLeft = $('#id1f5').scrollLeft();var scrollDiff = Servoy.TableView.needToUpdateRowsBuffer('id1f5');if (function(){if (Wicket.$('id1f5') != null) {onABC();return true;} else return false;}.bind(this)()) { Wicket.showIncrementally('indicator');}var wcall=wicketAjaxGet('?x=93zB5sVU8bPtRbkzhuNzhXAScWy20Fat'+'&amp;scrollDiff='+scrollDiff+'&amp;currentScrollTop='+currentScrollTop+'&amp;currentScrollLeft='+currentScrollLeft,function() { hideBlocker();;Wicket.hideIncrementally('indicator');}.bind(this),function() { onAjaxError();;Wicket.hideIncrementally('indicator');}.bind(this), function() {if (!function() {if (Wicket.$('id1f5') != null) {onABC();return true;} else return false;}.bind(this)()) {Wicket.hideIncrementally('indicator');}if (Wicket.$('id1f5') != null) {onABC();return true;} else return false;}.bind(this));&quot;, 500);">...</tbody>
  (Session info: chrome=57.0.2987.133)
  (Driver info: chromedriver=2.28.455520 (cc17746adff54984afff480136733114c6b3704b),platform=Windows NT 6.1.7601 SP1 x86_64) (WARNING: The server did not provide any stacktrace information)
Command duration or timeout: 166 milliseconds
Build info: version: '2.53.0', revision: '35ae25b1534ae328c771e0856c93e187490ca824', time: '2016-03-15 10:43:46'
System info: host: 'cddmww741', ip: '172.23.2.56', os.name: 'Windows 7', os.arch: 'amd64', os.version: '6.1', java.version: '1.8.0_121'
Driver info: org.openqa.selenium.chrome.ChromeDriver
Capabilities [{applicationCacheEnabled=false, rotatable=false, mobileEmulationEnabled=false, networkConnectionEnabled=false, chrome={chromedriverVersion=2.28.455520 (cc17746adff54984afff480136733114c6b3704b), userDataDir=C:\Users\venkat\AppData\Local\Temp\scoped_dir1464_19502}, takesHeapSnapshot=true, pageLoadStrategy=normal, databaseEnabled=false, handlesAlerts=true, hasTouchScreen=false, version=57.0.2987.133, platform=XP, browserConnectionEnabled=false, nativeEvents=true, acceptSslCerts=true, locationContextEnabled=true, webStorageEnabled=true, browserName=chrome, takesScreenshot=true, javascriptEnabled=true, cssSelectorsEnabled=true, unexpectedAlertBehaviour=}]
Session ID: b37453f9919c5e06ddb8a3f799d4cdec
	at sun.reflect.NativeConstructorAccessorImpl.newInstance0(Native Method)
	at sun.reflect.NativeConstructorAccessorImpl.newInstance(Unknown Source)
	at sun.reflect.DelegatingConstructorAccessorImpl.newInstance(Unknown Source)
	at java.lang.reflect.Constructor.newInstance(Unknown Source)
	at org.openqa.selenium.remote.ErrorHandler.createThrowable(ErrorHandler.java:206)
	at org.openqa.selenium.remote.ErrorHandler.throwIfResponseFailed(ErrorHandler.java:158)
	at org.openqa.selenium.remote.RemoteWebDriver.execute(RemoteWebDriver.java:678)
	at org.openqa.selenium.remote.RemoteWebElement.execute(RemoteWebElement.java:327)
	at org.openqa.selenium.remote.RemoteWebElement.click(RemoteWebElement.java:85)
	at utilities.KeywordUtil.click(KeywordUtil.java:207)
	at testingxperts.web.pages.HomePage.selectProjectDataStorExportMenu(HomePage.java:850)
	at testingxperts.web.pages.HomePage.exportProjectDataStorDetails(HomePage.java:911)
	at testingxperts.web.tests.KD_TC_04.test(KD_TC_04.java:66)
	at sun.reflect.NativeMethodAccessorImpl.invoke0(Native Method)
	at sun.reflect.NativeMethodAccessorImpl.invoke(Unknown Source)
	at sun.reflect.DelegatingMethodAccessorImpl.invoke(Unknown Source)
	at java.lang.reflect.Method.invoke(Unknown Source)
	at org.testng.internal.MethodInvocationHelper.invokeMethod(MethodInvocationHelper.java:104)
	at org.testng.internal.Invoker.invokeMethod(Invoker.java:645)
	at org.testng.internal.Invoker.invokeTestMethod(Invoker.java:851)
	at org.testng.internal.Invoker.invokeTestMethods(Invoker.java:1177)
	at org.testng.internal.TestMethodWorker.invokeTestMethods(TestMethodWorker.java:129)
	at org.testng.internal.TestMethodWorker.run(TestMethodWorker.java:112)
	at org.testng.TestRunner.privateRun(TestRunner.java:756)
	at org.testng.TestRunner.run(TestRunner.java:610)
	at org.testng.SuiteRunner.runTest(SuiteRunner.java:387)
	at org.testng.SuiteRunner.runSequentially(SuiteRunner.java:382)
	at org.testng.SuiteRunner.privateRun(SuiteRunner.java:340)
	at org.testng.SuiteRunner.run(SuiteRunner.java:289)
	at org.testng.SuiteRunnerWorker.runSuite(SuiteRunnerWorker.java:52)
	at org.testng.SuiteRunnerWorker.run(SuiteRunnerWorker.java:86)
	at org.testng.TestNG.runSuitesSequentially(TestNG.java:1293)
	at org.testng.TestNG.runSuitesLocally(TestNG.java:1218)
	at org.testng.TestNG.runSuites(TestNG.java:1133)
	at org.testng.TestNG.run(TestNG.java:1104)
	at suite.runner.CustomSuiteRunner.suiteRunner(CustomSuiteRunner.java:178)
	at sun.reflect.NativeMethodAccessorImpl.invoke0(Native Method)
	at sun.reflect.NativeMethodAccessorImpl.invoke(Unknown Source)
	at sun.reflect.DelegatingMethodAccessorImpl.invoke(Unknown Source)
	at java.lang.reflect.Method.invoke(Unknown Source)
	at org.testng.internal.MethodInvocationHelper.invokeMethod(MethodInvocationHelper.java:104)
	at org.testng.internal.Invoker.invokeMethod(Invoker.java:645)
	at org.testng.internal.Invoker.invokeTestMethod(Invoker.java:851)
	at org.testng.internal.Invoker.invokeTestMethods(Invoker.java:1177)
	at org.testng.internal.TestMethodWorker.invokeTestMethods(TestMethodWorker.java:129)
	at org.testng.internal.TestMethodWorker.run(TestMethodWorker.java:112)
	at org.testng.TestRunner.privateRun(TestRunner.java:756)
	at org.testng.TestRunner.run(TestRunner.java:610)
	at org.testng.SuiteRunner.runTest(SuiteRunner.java:387)
	at org.testng.SuiteRunner.runSequentially(SuiteRunner.java:382)
	at org.testng.SuiteRunner.privateRun(SuiteRunner.java:340)
	at org.testng.SuiteRunner.run(SuiteRunner.java:289)
	at org.testng.SuiteRunnerWorker.runSuite(SuiteRunnerWorker.java:52)
	at org.testng.SuiteRunnerWorker.run(SuiteRunnerWorker.java:86)
	at org.testng.TestNG.runSuitesSequentially(TestNG.java:1293)
	at org.testng.TestNG.runSuitesLocally(TestNG.java:1218)
	at org.testng.TestNG.runSuites(TestNG.java:1133)
	at org.testng.TestNG.run(TestNG.java:1104)
	at org.testng.remote.AbstractRemoteTestNG.run(AbstractRemoteTestNG.java:132)
	at org.testng.remote.RemoteTestNG.initAndRun(RemoteTestNG.java:236)
	at org.testng.remote.RemoteTestNG.main(RemoteTestNG.java:81)
]]>
    </error>
  </testcase> <!-- test -->
  <testcase name="test" time="131.621" classname="testingxperts.web.tests.KD_TC_04"/>
  <testcase name="test" time="80.250" classname="testingxperts.web.tests.KD_TC_04"/>
  <testcase name="test" time="82.727" classname="testingxperts.web.tests.KD_TC_04"/>
  <testcase name="test" time="80.162" classname="testingxperts.web.tests.KD_TC_04"/>
  <testcase name="test" time="80.770" classname="testingxperts.web.tests.KD_TC_04"/>
  <testcase name="test" time="79.665" classname="testingxperts.web.tests.KD_TC_04"/>
  <testcase name="test" time="81.344" classname="testingxperts.web.tests.KD_TC_04"/>
  <testcase name="test" time="80.327" classname="testingxperts.web.tests.KD_TC_04"/>
  <testcase name="test" time="81.052" classname="testingxperts.web.tests.KD_TC_04"/>
  <testcase name="test" time="80.543" classname="testingxperts.web.tests.KD_TC_04"/>
  <testcase name="test" time="79.257" classname="testingxperts.web.tests.KD_TC_04"/>
  <testcase name="test" time="78.426" classname="testingxperts.web.tests.KD_TC_04"/>
  <testcase name="test" time="76.948" classname="testingxperts.web.tests.KD_TC_04"/>
  <testcase name="test" time="80.944" classname="testingxperts.web.tests.KD_TC_04"/>
  <testcase name="test" time="81.578" classname="testingxperts.web.tests.KD_TC_04"/>
  <testcase name="test" time="81.574" classname="testingxperts.web.tests.KD_TC_04"/>
  <testcase name="test" time="80.171" classname="testingxperts.web.tests.KD_TC_04"/>
  <testcase name="test" time="81.064" classname="testingxperts.web.tests.KD_TC_04"/>
  <testcase name="test" time="83.159" classname="testingxperts.web.tests.KD_TC_04"/>
  <testcase name="test" time="80.268" classname="testingxperts.web.tests.KD_TC_04"/>
  <testcase name="test" time="78.661" classname="testingxperts.web.tests.KD_TC_04"/>
  <testcase name="test" time="81.770" classname="testingxperts.web.tests.KD_TC_04"/>
  <testcase name="test" time="80.572" classname="testingxperts.web.tests.KD_TC_04"/>
  <testcase name="test" time="80.439" classname="testingxperts.web.tests.KD_TC_04"/>
  <testcase name="test" time="70.967" classname="testingxperts.web.tests.KD_TC_04"/>
  <testcase name="test" time="80.625" classname="testingxperts.web.tests.KD_TC_04"/>
  <testcase name="test" time="79.360" classname="testingxperts.web.tests.KD_TC_04"/>
  <testcase name="test" time="79.909" classname="testingxperts.web.tests.KD_TC_04"/>
  <testcase name="test" time="82.413" classname="testingxperts.web.tests.KD_TC_04"/>
  <testcase name="test" time="81.922" classname="testingxperts.web.tests.KD_TC_04"/>
  <testcase name="test" time="80.863" classname="testingxperts.web.tests.KD_TC_04"/>
  <testcase name="test" time="81.704" classname="testingxperts.web.tests.KD_TC_04"/>
  <testcase name="test" time="82.005" classname="testingxperts.web.tests.KD_TC_04"/>
  <testcase name="test" time="81.609" classname="testingxperts.web.tests.KD_TC_04"/>
  <testcase name="test" time="79.804" classname="testingxperts.web.tests.KD_TC_04"/>
  <testcase name="test" time="80.756" classname="testingxperts.web.tests.KD_TC_04"/>
  <testcase name="test" time="79.309" classname="testingxperts.web.tests.KD_TC_04"/>
  <testcase name="test" time="81.329" classname="testingxperts.web.tests.KD_TC_04"/>
  <testcase name="test" time="82.095" classname="testingxperts.web.tests.KD_TC_04"/>
  <testcase name="test" time="78.543" classname="testingxperts.web.tests.KD_TC_04"/>
  <testcase name="test" time="79.264" classname="testingxperts.web.tests.KD_TC_04"/>
  <testcase name="test" time="83.810" classname="testingxperts.web.tests.KD_TC_04"/>
  <testcase name="test" time="78.873" classname="testingxperts.web.tests.KD_TC_04"/>
  <testcase name="test" time="77.582" classname="testingxperts.web.tests.KD_TC_04"/>
  <testcase name="test" time="78.660" classname="testingxperts.web.tests.KD_TC_04"/>
  <testcase name="test" time="78.428" classname="testingxperts.web.tests.KD_TC_04"/>
  <testcase name="test" time="79.141" classname="testingxperts.web.tests.KD_TC_04"/>
  <testcase name="test" time="79.694" classname="testingxperts.web.tests.KD_TC_04"/>
  <testcase name="test" time="81.077" classname="testingxperts.web.tests.KD_TC_04"/>
  <testcase name="test" time="88.305" classname="testingxperts.web.tests.KD_TC_04"/>
  <testcase name="test" time="81.787" classname="testingxperts.web.tests.KD_TC_04"/>
  <testcase name="test" time="80.513" classname="testingxperts.web.tests.KD_TC_04"/>
  <testcase name="test" time="77.740" classname="testingxperts.web.tests.KD_TC_04"/>
  <testcase name="test" time="83.397" classname="testingxperts.web.tests.KD_TC_04"/>
  <testcase name="test" time="83.338" classname="testingxperts.web.tests.KD_TC_04"/>
  <testcase name="test" time="91.242" classname="testingxperts.web.tests.KD_TC_04"/>
  <testcase name="test" time="88.272" classname="testingxperts.web.tests.KD_TC_04"/>
  <testcase name="test" time="79.179" classname="testingxperts.web.tests.KD_TC_04"/>
  <testcase name="test" time="81.674" classname="testingxperts.web.tests.KD_TC_04"/>
  <testcase name="test" time="20.116" classname="testingxperts.web.tests.KD_TC_04">
    <error type="org.openqa.selenium.WebDriverException" message="unknown error: Element &lt;input name=&quot;144&quot; class=&quot;field&quot; type=&quot;text&quot; value=&quot;&quot; id=&quot;id1b7&quot; readonly=&quot;&quot; autocomplete=&quot;off&quot; onkeydown=&quot;return filterBackKey(event);&quot; style=&quot;margin:0px;&quot; tabindex=&quot;519&quot; onblur=&quot;postEventCallback(this,&#039;blur&#039;,&#039;?x=sWhc2QIQwOyeO7vsyV3cB23AaoWSv*WnTpeCmdlhvZGsLHnJXoTdSqBbzS1GMEg3&#039;,event,false)&quot;&gt; is not clickable at point (444, 297). Other element would receive the click: &lt;div id=&quot;blocker&quot; tabindex=&quot;999999&quot; style=&quot;position: absolute; left: 0px; right: 0px; top: 0px; bottom: 0px; z-index: 999999;&quot;&gt;&lt;/div&gt;
  (Session info: chrome=57.0.2987.133)
  (Driver info: chromedriver=2.28.455520 (cc17746adff54984afff480136733114c6b3704b),platform=Windows NT 6.1.7601 SP1 x86_64) (WARNING: The server did not provide any stacktrace information)
Command duration or timeout: 186 milliseconds
Build info: version: &#039;2.53.0&#039;, revision: &#039;35ae25b1534ae328c771e0856c93e187490ca824&#039;, time: &#039;2016-03-15 10:43:46&#039;
System info: host: &#039;cddmww741&#039;, ip: &#039;172.23.2.56&#039;, os.name: &#039;Windows 7&#039;, os.arch: &#039;amd64&#039;, os.version: &#039;6.1&#039;, java.version: &#039;1.8.0_121&#039;
Driver info: org.openqa.selenium.chrome.ChromeDriver
Capabilities [{applicationCacheEnabled=false, rotatable=false, mobileEmulationEnabled=false, networkConnectionEnabled=false, chrome={chromedriverVersion=2.28.455520 (cc17746adff54984afff480136733114c6b3704b), userDataDir=C:\Users\venkat\AppData\Local\Temp\scoped_dir6868_28862}, takesHeapSnapshot=true, pageLoadStrategy=normal, databaseEnabled=false, handlesAlerts=true, hasTouchScreen=false, version=57.0.2987.133, platform=XP, browserConnectionEnabled=false, nativeEvents=true, acceptSslCerts=true, locationContextEnabled=true, webStorageEnabled=true, browserName=chrome, takesScreenshot=true, javascriptEnabled=true, cssSelectorsEnabled=true, unexpectedAlertBehaviour=}]
Session ID: e54316c66e5322e9372ab1fd683115bf">
      <![CDATA[org.openqa.selenium.WebDriverException: unknown error: Element <input name="144" class="field" type="text" value="" id="id1b7" readonly="" autocomplete="off" onkeydown="return filterBackKey(event);" style="margin:0px;" tabindex="519" onblur="postEventCallback(this,'blur','?x=sWhc2QIQwOyeO7vsyV3cB23AaoWSv*WnTpeCmdlhvZGsLHnJXoTdSqBbzS1GMEg3',event,false)"> is not clickable at point (444, 297). Other element would receive the click: <div id="blocker" tabindex="999999" style="position: absolute; left: 0px; right: 0px; top: 0px; bottom: 0px; z-index: 999999;"></div>
  (Session info: chrome=57.0.2987.133)
  (Driver info: chromedriver=2.28.455520 (cc17746adff54984afff480136733114c6b3704b),platform=Windows NT 6.1.7601 SP1 x86_64) (WARNING: The server did not provide any stacktrace information)
Command duration or timeout: 186 milliseconds
Build info: version: '2.53.0', revision: '35ae25b1534ae328c771e0856c93e187490ca824', time: '2016-03-15 10:43:46'
System info: host: 'cddmww741', ip: '172.23.2.56', os.name: 'Windows 7', os.arch: 'amd64', os.version: '6.1', java.version: '1.8.0_121'
Driver info: org.openqa.selenium.chrome.ChromeDriver
Capabilities [{applicationCacheEnabled=false, rotatable=false, mobileEmulationEnabled=false, networkConnectionEnabled=false, chrome={chromedriverVersion=2.28.455520 (cc17746adff54984afff480136733114c6b3704b), userDataDir=C:\Users\venkat\AppData\Local\Temp\scoped_dir6868_28862}, takesHeapSnapshot=true, pageLoadStrategy=normal, databaseEnabled=false, handlesAlerts=true, hasTouchScreen=false, version=57.0.2987.133, platform=XP, browserConnectionEnabled=false, nativeEvents=true, acceptSslCerts=true, locationContextEnabled=true, webStorageEnabled=true, browserName=chrome, takesScreenshot=true, javascriptEnabled=true, cssSelectorsEnabled=true, unexpectedAlertBehaviour=}]
Session ID: e54316c66e5322e9372ab1fd683115bf
	at sun.reflect.NativeConstructorAccessorImpl.newInstance0(Native Method)
	at sun.reflect.NativeConstructorAccessorImpl.newInstance(Unknown Source)
	at sun.reflect.DelegatingConstructorAccessorImpl.newInstance(Unknown Source)
	at java.lang.reflect.Constructor.newInstance(Unknown Source)
	at org.openqa.selenium.remote.ErrorHandler.createThrowable(ErrorHandler.java:206)
	at org.openqa.selenium.remote.ErrorHandler.throwIfResponseFailed(ErrorHandler.java:158)
	at org.openqa.selenium.remote.RemoteWebDriver.execute(RemoteWebDriver.java:678)
	at org.openqa.selenium.remote.RemoteWebElement.execute(RemoteWebElement.java:327)
	at org.openqa.selenium.remote.RemoteWebElement.click(RemoteWebElement.java:85)
	at utilities.KeywordUtil.click(KeywordUtil.java:207)
	at testingxperts.web.pages.HomePage.enterProjectName(HomePage.java:803)
	at testingxperts.web.pages.HomePage.addProjectDatastor(HomePage.java:895)
	at testingxperts.web.tests.KD_TC_04.test(KD_TC_04.java:61)
	at sun.reflect.GeneratedMethodAccessor41.invoke(Unknown Source)
	at sun.reflect.DelegatingMethodAccessorImpl.invoke(Unknown Source)
	at java.lang.reflect.Method.invoke(Unknown Source)
	at org.testng.internal.MethodInvocationHelper.invokeMethod(MethodInvocationHelper.java:104)
	at org.testng.internal.Invoker.invokeMethod(Invoker.java:645)
	at org.testng.internal.Invoker.invokeTestMethod(Invoker.java:851)
	at org.testng.internal.Invoker.invokeTestMethods(Invoker.java:1177)
	at org.testng.internal.TestMethodWorker.invokeTestMethods(TestMethodWorker.java:129)
	at org.testng.internal.TestMethodWorker.run(TestMethodWorker.java:112)
	at org.testng.TestRunner.privateRun(TestRunner.java:756)
	at org.testng.TestRunner.run(TestRunner.java:610)
	at org.testng.SuiteRunner.runTest(SuiteRunner.java:387)
	at org.testng.SuiteRunner.runSequentially(SuiteRunner.java:382)
	at org.testng.SuiteRunner.privateRun(SuiteRunner.java:340)
	at org.testng.SuiteRunner.run(SuiteRunner.java:289)
	at org.testng.SuiteRunnerWorker.runSuite(SuiteRunnerWorker.java:52)
	at org.testng.SuiteRunnerWorker.run(SuiteRunnerWorker.java:86)
	at org.testng.TestNG.runSuitesSequentially(TestNG.java:1293)
	at org.testng.TestNG.runSuitesLocally(TestNG.java:1218)
	at org.testng.TestNG.runSuites(TestNG.java:1133)
	at org.testng.TestNG.run(TestNG.java:1104)
	at suite.runner.CustomSuiteRunner.suiteRunner(CustomSuiteRunner.java:178)
	at sun.reflect.NativeMethodAccessorImpl.invoke0(Native Method)
	at sun.reflect.NativeMethodAccessorImpl.invoke(Unknown Source)
	at sun.reflect.DelegatingMethodAccessorImpl.invoke(Unknown Source)
	at java.lang.reflect.Method.invoke(Unknown Source)
	at org.testng.internal.MethodInvocationHelper.invokeMethod(MethodInvocationHelper.java:104)
	at org.testng.internal.Invoker.invokeMethod(Invoker.java:645)
	at org.testng.internal.Invoker.invokeTestMethod(Invoker.java:851)
	at org.testng.internal.Invoker.invokeTestMethods(Invoker.java:1177)
	at org.testng.internal.TestMethodWorker.invokeTestMethods(TestMethodWorker.java:129)
	at org.testng.internal.TestMethodWorker.run(TestMethodWorker.java:112)
	at org.testng.TestRunner.privateRun(TestRunner.java:756)
	at org.testng.TestRunner.run(TestRunner.java:610)
	at org.testng.SuiteRunner.runTest(SuiteRunner.java:387)
	at org.testng.SuiteRunner.runSequentially(SuiteRunner.java:382)
	at org.testng.SuiteRunner.privateRun(SuiteRunner.java:340)
	at org.testng.SuiteRunner.run(SuiteRunner.java:289)
	at org.testng.SuiteRunnerWorker.runSuite(SuiteRunnerWorker.java:52)
	at org.testng.SuiteRunnerWorker.run(SuiteRunnerWorker.java:86)
	at org.testng.TestNG.runSuitesSequentially(TestNG.java:1293)
	at org.testng.TestNG.runSuitesLocally(TestNG.java:1218)
	at org.testng.TestNG.runSuites(TestNG.java:1133)
	at org.testng.TestNG.run(TestNG.java:1104)
	at org.testng.remote.AbstractRemoteTestNG.run(AbstractRemoteTestNG.java:132)
	at org.testng.remote.RemoteTestNG.initAndRun(RemoteTestNG.java:236)
	at org.testng.remote.RemoteTestNG.main(RemoteTestNG.java:81)
]]>
    </error>
  </testcase> <!-- test -->
  <testcase name="test" time="79.757" classname="testingxperts.web.tests.KD_TC_04"/>
  <testcase name="test" time="82.295" classname="testingxperts.web.tests.KD_TC_04"/>
  <testcase name="test" time="100.829" classname="testingxperts.web.tests.KD_TC_04"/>
  <testcase name="test" time="80.463" classname="testingxperts.web.tests.KD_TC_04"/>
  <testcase name="test" time="80.508" classname="testingxperts.web.tests.KD_TC_04"/>
  <testcase name="test" time="82.310" classname="testingxperts.web.tests.KD_TC_04"/>
  <testcase name="test" time="79.069" classname="testingxperts.web.tests.KD_TC_04"/>
  <testcase name="test" time="78.860" classname="testingxperts.web.tests.KD_TC_04"/>
  <testcase name="test" time="81.591" classname="testingxperts.web.tests.KD_TC_04"/>
  <testcase name="test" time="85.461" classname="testingxperts.web.tests.KD_TC_04"/>
  <testcase name="test" time="80.000" classname="testingxperts.web.tests.KD_TC_04"/>
  <testcase name="test" time="87.206" classname="testingxperts.web.tests.KD_TC_04"/>
  <testcase name="test" time="80.314" classname="testingxperts.web.tests.KD_TC_04"/>
  <testcase name="test" time="80.549" classname="testingxperts.web.tests.KD_TC_04"/>
  <testcase name="test" time="80.939" classname="testingxperts.web.tests.KD_TC_04"/>
  <testcase name="test" time="80.506" classname="testingxperts.web.tests.KD_TC_04"/>
  <testcase name="test" time="78.150" classname="testingxperts.web.tests.KD_TC_04"/>
  <testcase name="test" time="79.399" classname="testingxperts.web.tests.KD_TC_04"/>
  <testcase name="test" time="78.578" classname="testingxperts.web.tests.KD_TC_04"/>
  <testcase name="test" time="80.931" classname="testingxperts.web.tests.KD_TC_04"/>
  <testcase name="test" time="80.390" classname="testingxperts.web.tests.KD_TC_04"/>
  <testcase name="test" time="79.186" classname="testingxperts.web.tests.KD_TC_04"/>
  <testcase name="test" time="79.008" classname="testingxperts.web.tests.KD_TC_04"/>
  <testcase name="test" time="82.204" classname="testingxperts.web.tests.KD_TC_04"/>
  <testcase name="test" time="82.190" classname="testingxperts.web.tests.KD_TC_04"/>
  <testcase name="test" time="80.094" classname="testingxperts.web.tests.KD_TC_04"/>
  <testcase name="test" time="76.642" classname="testingxperts.web.tests.KD_TC_04"/>
  <testcase name="test" time="77.682" classname="testingxperts.web.tests.KD_TC_04"/>
  <testcase name="test" time="80.868" classname="testingxperts.web.tests.KD_TC_04"/>
  <testcase name="test" time="80.058" classname="testingxperts.web.tests.KD_TC_04"/>
  <testcase name="test" time="81.594" classname="testingxperts.web.tests.KD_TC_04"/>
  <testcase name="test" time="79.238" classname="testingxperts.web.tests.KD_TC_04"/>
  <testcase name="test" time="78.324" classname="testingxperts.web.tests.KD_TC_04"/>
  <testcase name="test" time="80.367" classname="testingxperts.web.tests.KD_TC_04"/>
  <testcase name="test" time="81.173" classname="testingxperts.web.tests.KD_TC_04"/>
  <testcase name="test" time="81.434" classname="testingxperts.web.tests.KD_TC_04"/>
  <testcase name="test" time="80.176" classname="testingxperts.web.tests.KD_TC_04"/>
  <testcase name="test" time="82.352" classname="testingxperts.web.tests.KD_TC_04"/>
  <testcase name="test" time="83.601" classname="testingxperts.web.tests.KD_TC_04"/>
  <testcase name="test" time="81.615" classname="testingxperts.web.tests.KD_TC_04"/>
  <testcase name="test" time="82.562" classname="testingxperts.web.tests.KD_TC_04"/>
  <testcase name="test" time="79.894" classname="testingxperts.web.tests.KD_TC_04"/>
  <testcase name="test" time="80.103" classname="testingxperts.web.tests.KD_TC_04"/>
  <testcase name="test" time="80.714" classname="testingxperts.web.tests.KD_TC_04"/>
  <testcase name="test" time="77.202" classname="testingxperts.web.tests.KD_TC_04"/>
  <testcase name="test" time="28.203" classname="testingxperts.web.tests.KD_TC_04">
    <error type="org.openqa.selenium.WebDriverException" message="unknown error: Element &lt;span onfocus=&quot;this.parentNode.focus()&quot; style=&quot;cursor: pointer; display: block; left: 0px; right: 0px;height: 20px;line-height: 20px; overflow: hidden; text-align: left;&quot;&gt;...&lt;/span&gt; is not clickable at point (143, 59). Other element would receive the click: &lt;div id=&quot;blocker&quot; tabindex=&quot;999999&quot; style=&quot;position: absolute; left: 0px; right: 0px; top: 0px; bottom: 0px; z-index: 999999;&quot;&gt;&lt;/div&gt;
  (Session info: chrome=57.0.2987.133)
  (Driver info: chromedriver=2.28.455520 (cc17746adff54984afff480136733114c6b3704b),platform=Windows NT 6.1.7601 SP1 x86_64) (WARNING: The server did not provide any stacktrace information)
Command duration or timeout: 192 milliseconds
Build info: version: &#039;2.53.0&#039;, revision: &#039;35ae25b1534ae328c771e0856c93e187490ca824&#039;, time: &#039;2016-03-15 10:43:46&#039;
System info: host: &#039;cddmww741&#039;, ip: &#039;172.23.2.56&#039;, os.name: &#039;Windows 7&#039;, os.arch: &#039;amd64&#039;, os.version: &#039;6.1&#039;, java.version: &#039;1.8.0_121&#039;
Driver info: org.openqa.selenium.chrome.ChromeDriver
Capabilities [{applicationCacheEnabled=false, rotatable=false, mobileEmulationEnabled=false, networkConnectionEnabled=false, chrome={chromedriverVersion=2.28.455520 (cc17746adff54984afff480136733114c6b3704b), userDataDir=C:\Users\venkat\AppData\Local\Temp\scoped_dir5860_5229}, takesHeapSnapshot=true, pageLoadStrategy=normal, databaseEnabled=false, handlesAlerts=true, hasTouchScreen=false, version=57.0.2987.133, platform=XP, browserConnectionEnabled=false, nativeEvents=true, acceptSslCerts=true, locationContextEnabled=true, webStorageEnabled=true, browserName=chrome, takesScreenshot=true, javascriptEnabled=true, cssSelectorsEnabled=true, unexpectedAlertBehaviour=}]
Session ID: 27c9c3469de435c5e114983387cd6e3c">
      <![CDATA[org.openqa.selenium.WebDriverException: unknown error: Element <span onfocus="this.parentNode.focus()" style="cursor: pointer; display: block; left: 0px; right: 0px;height: 20px;line-height: 20px; overflow: hidden; text-align: left;">...</span> is not clickable at point (143, 59). Other element would receive the click: <div id="blocker" tabindex="999999" style="position: absolute; left: 0px; right: 0px; top: 0px; bottom: 0px; z-index: 999999;"></div>
  (Session info: chrome=57.0.2987.133)
  (Driver info: chromedriver=2.28.455520 (cc17746adff54984afff480136733114c6b3704b),platform=Windows NT 6.1.7601 SP1 x86_64) (WARNING: The server did not provide any stacktrace information)
Command duration or timeout: 192 milliseconds
Build info: version: '2.53.0', revision: '35ae25b1534ae328c771e0856c93e187490ca824', time: '2016-03-15 10:43:46'
System info: host: 'cddmww741', ip: '172.23.2.56', os.name: 'Windows 7', os.arch: 'amd64', os.version: '6.1', java.version: '1.8.0_121'
Driver info: org.openqa.selenium.chrome.ChromeDriver
Capabilities [{applicationCacheEnabled=false, rotatable=false, mobileEmulationEnabled=false, networkConnectionEnabled=false, chrome={chromedriverVersion=2.28.455520 (cc17746adff54984afff480136733114c6b3704b), userDataDir=C:\Users\venkat\AppData\Local\Temp\scoped_dir5860_5229}, takesHeapSnapshot=true, pageLoadStrategy=normal, databaseEnabled=false, handlesAlerts=true, hasTouchScreen=false, version=57.0.2987.133, platform=XP, browserConnectionEnabled=false, nativeEvents=true, acceptSslCerts=true, locationContextEnabled=true, webStorageEnabled=true, browserName=chrome, takesScreenshot=true, javascriptEnabled=true, cssSelectorsEnabled=true, unexpectedAlertBehaviour=}]
Session ID: 27c9c3469de435c5e114983387cd6e3c
	at sun.reflect.NativeConstructorAccessorImpl.newInstance0(Native Method)
	at sun.reflect.NativeConstructorAccessorImpl.newInstance(Unknown Source)
	at sun.reflect.DelegatingConstructorAccessorImpl.newInstance(Unknown Source)
	at java.lang.reflect.Constructor.newInstance(Unknown Source)
	at org.openqa.selenium.remote.ErrorHandler.createThrowable(ErrorHandler.java:206)
	at org.openqa.selenium.remote.ErrorHandler.throwIfResponseFailed(ErrorHandler.java:158)
	at org.openqa.selenium.remote.RemoteWebDriver.execute(RemoteWebDriver.java:678)
	at org.openqa.selenium.remote.RemoteWebElement.execute(RemoteWebElement.java:327)
	at org.openqa.selenium.remote.RemoteWebElement.click(RemoteWebElement.java:85)
	at utilities.KeywordUtil.click(KeywordUtil.java:207)
	at testingxperts.web.pages.HomePage.selectProjectDataStorFileMenu(HomePage.java:839)
	at testingxperts.web.pages.HomePage.exportProjectDataStorDetails(HomePage.java:910)
	at testingxperts.web.tests.KD_TC_04.test(KD_TC_04.java:66)
	at sun.reflect.GeneratedMethodAccessor41.invoke(Unknown Source)
	at sun.reflect.DelegatingMethodAccessorImpl.invoke(Unknown Source)
	at java.lang.reflect.Method.invoke(Unknown Source)
	at org.testng.internal.MethodInvocationHelper.invokeMethod(MethodInvocationHelper.java:104)
	at org.testng.internal.Invoker.invokeMethod(Invoker.java:645)
	at org.testng.internal.Invoker.invokeTestMethod(Invoker.java:851)
	at org.testng.internal.Invoker.invokeTestMethods(Invoker.java:1177)
	at org.testng.internal.TestMethodWorker.invokeTestMethods(TestMethodWorker.java:129)
	at org.testng.internal.TestMethodWorker.run(TestMethodWorker.java:112)
	at org.testng.TestRunner.privateRun(TestRunner.java:756)
	at org.testng.TestRunner.run(TestRunner.java:610)
	at org.testng.SuiteRunner.runTest(SuiteRunner.java:387)
	at org.testng.SuiteRunner.runSequentially(SuiteRunner.java:382)
	at org.testng.SuiteRunner.privateRun(SuiteRunner.java:340)
	at org.testng.SuiteRunner.run(SuiteRunner.java:289)
	at org.testng.SuiteRunnerWorker.runSuite(SuiteRunnerWorker.java:52)
	at org.testng.SuiteRunnerWorker.run(SuiteRunnerWorker.java:86)
	at org.testng.TestNG.runSuitesSequentially(TestNG.java:1293)
	at org.testng.TestNG.runSuitesLocally(TestNG.java:1218)
	at org.testng.TestNG.runSuites(TestNG.java:1133)
	at org.testng.TestNG.run(TestNG.java:1104)
	at suite.runner.CustomSuiteRunner.suiteRunner(CustomSuiteRunner.java:178)
	at sun.reflect.NativeMethodAccessorImpl.invoke0(Native Method)
	at sun.reflect.NativeMethodAccessorImpl.invoke(Unknown Source)
	at sun.reflect.DelegatingMethodAccessorImpl.invoke(Unknown Source)
	at java.lang.reflect.Method.invoke(Unknown Source)
	at org.testng.internal.MethodInvocationHelper.invokeMethod(MethodInvocationHelper.java:104)
	at org.testng.internal.Invoker.invokeMethod(Invoker.java:645)
	at org.testng.internal.Invoker.invokeTestMethod(Invoker.java:851)
	at org.testng.internal.Invoker.invokeTestMethods(Invoker.java:1177)
	at org.testng.internal.TestMethodWorker.invokeTestMethods(TestMethodWorker.java:129)
	at org.testng.internal.TestMethodWorker.run(TestMethodWorker.java:112)
	at org.testng.TestRunner.privateRun(TestRunner.java:756)
	at org.testng.TestRunner.run(TestRunner.java:610)
	at org.testng.SuiteRunner.runTest(SuiteRunner.java:387)
	at org.testng.SuiteRunner.runSequentially(SuiteRunner.java:382)
	at org.testng.SuiteRunner.privateRun(SuiteRunner.java:340)
	at org.testng.SuiteRunner.run(SuiteRunner.java:289)
	at org.testng.SuiteRunnerWorker.runSuite(SuiteRunnerWorker.java:52)
	at org.testng.SuiteRunnerWorker.run(SuiteRunnerWorker.java:86)
	at org.testng.TestNG.runSuitesSequentially(TestNG.java:1293)
	at org.testng.TestNG.runSuitesLocally(TestNG.java:1218)
	at org.testng.TestNG.runSuites(TestNG.java:1133)
	at org.testng.TestNG.run(TestNG.java:1104)
	at org.testng.remote.AbstractRemoteTestNG.run(AbstractRemoteTestNG.java:132)
	at org.testng.remote.RemoteTestNG.initAndRun(RemoteTestNG.java:236)
	at org.testng.remote.RemoteTestNG.main(RemoteTestNG.java:81)
]]>
    </error>
  </testcase> <!-- test -->
  <testcase name="test" time="80.092" classname="testingxperts.web.tests.KD_TC_04"/>
  <testcase name="test" time="84.761" classname="testingxperts.web.tests.KD_TC_04"/>
  <testcase name="test" time="97.193" classname="testingxperts.web.tests.KD_TC_04"/>
  <testcase name="test" time="80.723" classname="testingxperts.web.tests.KD_TC_04"/>
  <testcase name="test" time="80.527" classname="testingxperts.web.tests.KD_TC_04"/>
  <testcase name="test" time="77.239" classname="testingxperts.web.tests.KD_TC_04"/>
  <testcase name="test" time="81.079" classname="testingxperts.web.tests.KD_TC_04"/>
  <testcase name="test" time="80.902" classname="testingxperts.web.tests.KD_TC_04"/>
  <testcase name="test" time="81.444" classname="testingxperts.web.tests.KD_TC_04"/>
  <testcase name="test" time="76.735" classname="testingxperts.web.tests.KD_TC_04"/>
  <testcase name="test" time="78.856" classname="testingxperts.web.tests.KD_TC_04"/>
  <testcase name="test" time="83.646" classname="testingxperts.web.tests.KD_TC_04"/>
  <testcase name="test" time="137.826" classname="testingxperts.web.tests.KD_TC_04"/>
  <testcase name="test" time="78.070" classname="testingxperts.web.tests.KD_TC_04"/>
  <testcase name="test" time="79.685" classname="testingxperts.web.tests.KD_TC_04"/>
  <testcase name="test" time="88.204" classname="testingxperts.web.tests.KD_TC_04"/>
  <testcase name="test" time="82.975" classname="testingxperts.web.tests.KD_TC_04"/>
  <testcase name="test" time="80.292" classname="testingxperts.web.tests.KD_TC_04"/>
  <testcase name="test" time="80.458" classname="testingxperts.web.tests.KD_TC_04"/>
  <testcase name="test" time="81.301" classname="testingxperts.web.tests.KD_TC_04"/>
  <testcase name="test" time="80.439" classname="testingxperts.web.tests.KD_TC_04"/>
  <testcase name="test" time="73.840" classname="testingxperts.web.tests.KD_TC_04"/>
  <testcase name="test" time="79.556" classname="testingxperts.web.tests.KD_TC_04"/>
  <testcase name="test" time="80.375" classname="testingxperts.web.tests.KD_TC_04"/>
  <testcase name="test" time="81.468" classname="testingxperts.web.tests.KD_TC_04"/>
  <testcase name="test" time="78.999" classname="testingxperts.web.tests.KD_TC_04"/>
  <testcase name="test" time="79.509" classname="testingxperts.web.tests.KD_TC_04"/>
  <testcase name="test" time="80.948" classname="testingxperts.web.tests.KD_TC_04"/>
  <testcase name="test" time="78.991" classname="testingxperts.web.tests.KD_TC_04"/>
  <testcase name="test" time="80.080" classname="testingxperts.web.tests.KD_TC_04"/>
  <testcase name="test" time="81.163" classname="testingxperts.web.tests.KD_TC_04"/>
  <testcase name="test" time="82.872" classname="testingxperts.web.tests.KD_TC_04"/>
  <testcase name="test" time="82.899" classname="testingxperts.web.tests.KD_TC_04"/>
  <testcase name="test" time="80.844" classname="testingxperts.web.tests.KD_TC_04"/>
  <testcase name="test" time="82.115" classname="testingxperts.web.tests.KD_TC_04"/>
  <testcase name="test" time="84.542" classname="testingxperts.web.tests.KD_TC_04"/>
  <testcase name="test" time="80.448" classname="testingxperts.web.tests.KD_TC_04"/>
  <testcase name="test" time="80.668" classname="testingxperts.web.tests.KD_TC_04"/>
  <testcase name="test" time="78.102" classname="testingxperts.web.tests.KD_TC_04"/>
  <testcase name="test" time="97.634" classname="testingxperts.web.tests.KD_TC_04"/>
  <testcase name="test" time="79.704" classname="testingxperts.web.tests.KD_TC_04"/>
  <testcase name="test" time="90.408" classname="testingxperts.web.tests.KD_TC_04"/>
  <testcase name="test" time="80.714" classname="testingxperts.web.tests.KD_TC_04"/>
  <testcase name="test" time="90.141" classname="testingxperts.web.tests.KD_TC_04"/>
  <testcase name="test" time="82.244" classname="testingxperts.web.tests.KD_TC_04"/>
  <testcase name="test" time="81.825" classname="testingxperts.web.tests.KD_TC_04"/>
  <testcase name="test" time="81.225" classname="testingxperts.web.tests.KD_TC_04"/>
  <testcase name="test" time="80.555" classname="testingxperts.web.tests.KD_TC_04"/>
  <testcase name="test" time="80.734" classname="testingxperts.web.tests.KD_TC_04"/>
  <testcase name="test" time="79.170" classname="testingxperts.web.tests.KD_TC_04"/>
  <testcase name="test" time="81.045" classname="testingxperts.web.tests.KD_TC_04"/>
  <testcase name="test" time="81.558" classname="testingxperts.web.tests.KD_TC_04"/>
  <testcase name="test" time="79.114" classname="testingxperts.web.tests.KD_TC_04"/>
  <testcase name="test" time="80.141" classname="testingxperts.web.tests.KD_TC_04"/>
  <testcase name="test" time="80.492" classname="testingxperts.web.tests.KD_TC_04"/>
  <testcase name="test" time="79.392" classname="testingxperts.web.tests.KD_TC_04"/>
  <testcase name="test" time="80.726" classname="testingxperts.web.tests.KD_TC_04"/>
  <testcase name="test" time="84.179" classname="testingxperts.web.tests.KD_TC_04"/>
  <testcase name="test" time="81.257" classname="testingxperts.web.tests.KD_TC_04"/>
  <testcase name="test" time="79.382" classname="testingxperts.web.tests.KD_TC_04"/>
  <testcase name="test" time="77.484" classname="testingxperts.web.tests.KD_TC_04"/>
  <testcase name="test" time="80.220" classname="testingxperts.web.tests.KD_TC_04"/>
  <testcase name="test" time="80.082" classname="testingxperts.web.tests.KD_TC_04"/>
  <testcase name="test" time="80.925" classname="testingxperts.web.tests.KD_TC_04"/>
  <testcase name="test" time="81.491" classname="testingxperts.web.tests.KD_TC_04"/>
  <testcase name="test" time="98.612" classname="testingxperts.web.tests.KD_TC_04"/>
  <testcase name="test" time="81.218" classname="testingxperts.web.tests.KD_TC_04"/>
  <testcase name="test" time="80.999" classname="testingxperts.web.tests.KD_TC_04"/>
  <testcase name="test" time="83.099" classname="testingxperts.web.tests.KD_TC_04"/>
  <testcase name="test" time="80.954" classname="testingxperts.web.tests.KD_TC_04"/>
  <testcase name="test" time="81.997" classname="testingxperts.web.tests.KD_TC_04"/>
  <testcase name="test" time="79.869" classname="testingxperts.web.tests.KD_TC_04"/>
  <testcase name="test" time="79.463" classname="testingxperts.web.tests.KD_TC_04"/>
  <testcase name="test" time="80.484" classname="testingxperts.web.tests.KD_TC_04"/>
  <testcase name="test" time="82.391" classname="testingxperts.web.tests.KD_TC_04"/>
  <testcase name="test" time="85.382" classname="testingxperts.web.tests.KD_TC_04"/>
  <testcase name="test" time="79.630" classname="testingxperts.web.tests.KD_TC_04"/>
  <testcase name="test" time="79.640" classname="testingxperts.web.tests.KD_TC_04"/>
  <testcase name="test" time="80.160" classname="testingxperts.web.tests.KD_TC_04"/>
  <testcase name="test" time="79.216" classname="testingxperts.web.tests.KD_TC_04"/>
  <testcase name="test" time="80.318" classname="testingxperts.web.tests.KD_TC_04"/>
  <testcase name="test" time="81.013" classname="testingxperts.web.tests.KD_TC_04"/>
</testsuite> <!-- testingxperts.web.tests.KD_TC_04 -->
