<?xml version="1.0" encoding="UTF-8"?>
<!-- Generated by org.testng.reporters.JUnitReportReporter -->
<testsuite name="testingxperts.web.tests.KD_TC_11" tests="201" time="6458.380" ignored="0" failures="0" timestamp="03 May 2017 12:31:43 GMT" skipped="0" hostname="cddmww741" errors="5">
  <testcase name="test" time="25.741" classname="testingxperts.web.tests.KD_TC_11"/>
  <testcase name="test" time="32.354" classname="testingxperts.web.tests.KD_TC_11"/>
  <testcase name="test" time="31.397" classname="testingxperts.web.tests.KD_TC_11"/>
  <testcase name="test" time="31.270" classname="testingxperts.web.tests.KD_TC_11"/>
  <testcase name="test" time="31.268" classname="testingxperts.web.tests.KD_TC_11"/>
  <testcase name="test" time="26.117" classname="testingxperts.web.tests.KD_TC_11"/>
  <testcase name="test" time="33.491" classname="testingxperts.web.tests.KD_TC_11"/>
  <testcase name="test" time="33.816" classname="testingxperts.web.tests.KD_TC_11"/>
  <testcase name="test" time="38.906" classname="testingxperts.web.tests.KD_TC_11"/>
  <testcase name="test" time="22.597" classname="testingxperts.web.tests.KD_TC_11">
    <error type="org.openqa.selenium.WebDriverException" message="unknown error: Element &lt;input onmousedown=&quot;radioCheckInputMouseDown=true;focusMousedownCallback(event)&quot; onmouseup=&quot;radioCheckInputMousedDown=false&quot; onmouseout=&quot;radioCheckInputMouseDown=false&quot; class=&quot;radioCheckInput&quot; style=&quot;border-width:0px;padding:3px;margin:0px;vertical-align:middle;width:14px;height:14px;&quot; name=&quot;144&quot; type=&quot;checkbox&quot; id=&quot;id2cb&quot; onclick=&quot;onclickFormUpdate(event, &#039;?x=0RGsDI0n4tAGSoJRxz4qGF3-5uqrc-SpkRF1yQCcvet6-8XoEEe4tWLn1zdKSPiu&#039;, &#039;id2cb&#039;)&quot; tabindex=&quot;18&quot; onfocus=&quot;eventCallback(this,&#039;focus&#039;,&#039;?x=EF0QsMHZpHBvhwNxHFH3Pq4VScRtS79kragelwfpLjmSvGXQ2REdwgaACvc-5gy0&#039;,event)&quot; onblur=&quot;postEventCallback(this,&#039;blur&#039;,&#039;?x=EF0QsMHZpHBvhwNxHFH3Pq4VScRtS79kragelwfpLjmSvGXQ2REdwgaACvc-5gy0&#039;,event,false)&quot;&gt; is not clickable at point (130, 149). Other element would receive the click: &lt;div id=&quot;blocker&quot; tabindex=&quot;999999&quot; style=&quot;position: absolute; left: 0px; right: 0px; top: 0px; bottom: 0px; z-index: 999999;&quot;&gt;&lt;/div&gt;
  (Session info: chrome=57.0.2987.133)
  (Driver info: chromedriver=2.28.455520 (cc17746adff54984afff480136733114c6b3704b),platform=Windows NT 6.1.7601 SP1 x86_64) (WARNING: The server did not provide any stacktrace information)
Command duration or timeout: 345 milliseconds
Build info: version: &#039;2.53.0&#039;, revision: &#039;35ae25b1534ae328c771e0856c93e187490ca824&#039;, time: &#039;2016-03-15 10:43:46&#039;
System info: host: &#039;cddmww741&#039;, ip: &#039;172.23.2.56&#039;, os.name: &#039;Windows 7&#039;, os.arch: &#039;amd64&#039;, os.version: &#039;6.1&#039;, java.version: &#039;1.8.0_121&#039;
Driver info: org.openqa.selenium.chrome.ChromeDriver
Capabilities [{applicationCacheEnabled=false, rotatable=false, mobileEmulationEnabled=false, networkConnectionEnabled=false, chrome={chromedriverVersion=2.28.455520 (cc17746adff54984afff480136733114c6b3704b), userDataDir=C:\Users\venkat\AppData\Local\Temp\scoped_dir9256_18525}, takesHeapSnapshot=true, pageLoadStrategy=normal, databaseEnabled=false, handlesAlerts=true, hasTouchScreen=false, version=57.0.2987.133, platform=XP, browserConnectionEnabled=false, nativeEvents=true, acceptSslCerts=true, locationContextEnabled=true, webStorageEnabled=true, browserName=chrome, takesScreenshot=true, javascriptEnabled=true, cssSelectorsEnabled=true, unexpectedAlertBehaviour=}]
Session ID: ed12c935d1d95f126b5492c9f3b5be78">
      <![CDATA[org.openqa.selenium.WebDriverException: unknown error: Element <input onmousedown="radioCheckInputMouseDown=true;focusMousedownCallback(event)" onmouseup="radioCheckInputMousedDown=false" onmouseout="radioCheckInputMouseDown=false" class="radioCheckInput" style="border-width:0px;padding:3px;margin:0px;vertical-align:middle;width:14px;height:14px;" name="144" type="checkbox" id="id2cb" onclick="onclickFormUpdate(event, '?x=0RGsDI0n4tAGSoJRxz4qGF3-5uqrc-SpkRF1yQCcvet6-8XoEEe4tWLn1zdKSPiu', 'id2cb')" tabindex="18" onfocus="eventCallback(this,'focus','?x=EF0QsMHZpHBvhwNxHFH3Pq4VScRtS79kragelwfpLjmSvGXQ2REdwgaACvc-5gy0',event)" onblur="postEventCallback(this,'blur','?x=EF0QsMHZpHBvhwNxHFH3Pq4VScRtS79kragelwfpLjmSvGXQ2REdwgaACvc-5gy0',event,false)"> is not clickable at point (130, 149). Other element would receive the click: <div id="blocker" tabindex="999999" style="position: absolute; left: 0px; right: 0px; top: 0px; bottom: 0px; z-index: 999999;"></div>
  (Session info: chrome=57.0.2987.133)
  (Driver info: chromedriver=2.28.455520 (cc17746adff54984afff480136733114c6b3704b),platform=Windows NT 6.1.7601 SP1 x86_64) (WARNING: The server did not provide any stacktrace information)
Command duration or timeout: 345 milliseconds
Build info: version: '2.53.0', revision: '35ae25b1534ae328c771e0856c93e187490ca824', time: '2016-03-15 10:43:46'
System info: host: 'cddmww741', ip: '172.23.2.56', os.name: 'Windows 7', os.arch: 'amd64', os.version: '6.1', java.version: '1.8.0_121'
Driver info: org.openqa.selenium.chrome.ChromeDriver
Capabilities [{applicationCacheEnabled=false, rotatable=false, mobileEmulationEnabled=false, networkConnectionEnabled=false, chrome={chromedriverVersion=2.28.455520 (cc17746adff54984afff480136733114c6b3704b), userDataDir=C:\Users\venkat\AppData\Local\Temp\scoped_dir9256_18525}, takesHeapSnapshot=true, pageLoadStrategy=normal, databaseEnabled=false, handlesAlerts=true, hasTouchScreen=false, version=57.0.2987.133, platform=XP, browserConnectionEnabled=false, nativeEvents=true, acceptSslCerts=true, locationContextEnabled=true, webStorageEnabled=true, browserName=chrome, takesScreenshot=true, javascriptEnabled=true, cssSelectorsEnabled=true, unexpectedAlertBehaviour=}]
Session ID: ed12c935d1d95f126b5492c9f3b5be78
	at sun.reflect.NativeConstructorAccessorImpl.newInstance0(Native Method)
	at sun.reflect.NativeConstructorAccessorImpl.newInstance(Unknown Source)
	at sun.reflect.DelegatingConstructorAccessorImpl.newInstance(Unknown Source)
	at java.lang.reflect.Constructor.newInstance(Unknown Source)
	at org.openqa.selenium.remote.ErrorHandler.createThrowable(ErrorHandler.java:206)
	at org.openqa.selenium.remote.ErrorHandler.throwIfResponseFailed(ErrorHandler.java:158)
	at org.openqa.selenium.remote.RemoteWebDriver.execute(RemoteWebDriver.java:678)
	at org.openqa.selenium.remote.RemoteWebElement.execute(RemoteWebElement.java:327)
	at org.openqa.selenium.remote.RemoteWebElement.click(RemoteWebElement.java:85)
	at utilities.KeywordUtil.click(KeywordUtil.java:207)
	at testingxperts.web.pages.HomePage.selectSiesmicCheckBox(HomePage.java:2227)
	at testingxperts.web.pages.HomePage.navigatorSearch(HomePage.java:2272)
	at testingxperts.web.tests.KD_TC_11.test(KD_TC_11.java:60)
	at sun.reflect.GeneratedMethodAccessor39.invoke(Unknown Source)
	at sun.reflect.DelegatingMethodAccessorImpl.invoke(Unknown Source)
	at java.lang.reflect.Method.invoke(Unknown Source)
	at org.testng.internal.MethodInvocationHelper.invokeMethod(MethodInvocationHelper.java:104)
	at org.testng.internal.Invoker.invokeMethod(Invoker.java:645)
	at org.testng.internal.Invoker.invokeTestMethod(Invoker.java:851)
	at org.testng.internal.Invoker.invokeTestMethods(Invoker.java:1177)
	at org.testng.internal.TestMethodWorker.invokeTestMethods(TestMethodWorker.java:129)
	at org.testng.internal.TestMethodWorker.run(TestMethodWorker.java:112)
	at org.testng.TestRunner.privateRun(TestRunner.java:756)
	at org.testng.TestRunner.run(TestRunner.java:610)
	at org.testng.SuiteRunner.runTest(SuiteRunner.java:387)
	at org.testng.SuiteRunner.runSequentially(SuiteRunner.java:382)
	at org.testng.SuiteRunner.privateRun(SuiteRunner.java:340)
	at org.testng.SuiteRunner.run(SuiteRunner.java:289)
	at org.testng.SuiteRunnerWorker.runSuite(SuiteRunnerWorker.java:52)
	at org.testng.SuiteRunnerWorker.run(SuiteRunnerWorker.java:86)
	at org.testng.TestNG.runSuitesSequentially(TestNG.java:1293)
	at org.testng.TestNG.runSuitesLocally(TestNG.java:1218)
	at org.testng.TestNG.runSuites(TestNG.java:1133)
	at org.testng.TestNG.run(TestNG.java:1104)
	at suite.runner.CustomSuiteRunner.suiteRunner(CustomSuiteRunner.java:178)
	at sun.reflect.NativeMethodAccessorImpl.invoke0(Native Method)
	at sun.reflect.NativeMethodAccessorImpl.invoke(Unknown Source)
	at sun.reflect.DelegatingMethodAccessorImpl.invoke(Unknown Source)
	at java.lang.reflect.Method.invoke(Unknown Source)
	at org.testng.internal.MethodInvocationHelper.invokeMethod(MethodInvocationHelper.java:104)
	at org.testng.internal.Invoker.invokeMethod(Invoker.java:645)
	at org.testng.internal.Invoker.invokeTestMethod(Invoker.java:851)
	at org.testng.internal.Invoker.invokeTestMethods(Invoker.java:1177)
	at org.testng.internal.TestMethodWorker.invokeTestMethods(TestMethodWorker.java:129)
	at org.testng.internal.TestMethodWorker.run(TestMethodWorker.java:112)
	at org.testng.TestRunner.privateRun(TestRunner.java:756)
	at org.testng.TestRunner.run(TestRunner.java:610)
	at org.testng.SuiteRunner.runTest(SuiteRunner.java:387)
	at org.testng.SuiteRunner.runSequentially(SuiteRunner.java:382)
	at org.testng.SuiteRunner.privateRun(SuiteRunner.java:340)
	at org.testng.SuiteRunner.run(SuiteRunner.java:289)
	at org.testng.SuiteRunnerWorker.runSuite(SuiteRunnerWorker.java:52)
	at org.testng.SuiteRunnerWorker.run(SuiteRunnerWorker.java:86)
	at org.testng.TestNG.runSuitesSequentially(TestNG.java:1293)
	at org.testng.TestNG.runSuitesLocally(TestNG.java:1218)
	at org.testng.TestNG.runSuites(TestNG.java:1133)
	at org.testng.TestNG.run(TestNG.java:1104)
	at org.testng.remote.AbstractRemoteTestNG.run(AbstractRemoteTestNG.java:132)
	at org.testng.remote.RemoteTestNG.initAndRun(RemoteTestNG.java:236)
	at org.testng.remote.RemoteTestNG.main(RemoteTestNG.java:81)
]]>
    </error>
  </testcase> <!-- test -->
  <testcase name="test" time="30.752" classname="testingxperts.web.tests.KD_TC_11"/>
  <testcase name="test" time="30.820" classname="testingxperts.web.tests.KD_TC_11"/>
  <testcase name="test" time="31.697" classname="testingxperts.web.tests.KD_TC_11"/>
  <testcase name="test" time="33.021" classname="testingxperts.web.tests.KD_TC_11"/>
  <testcase name="test" time="31.430" classname="testingxperts.web.tests.KD_TC_11"/>
  <testcase name="test" time="32.257" classname="testingxperts.web.tests.KD_TC_11"/>
  <testcase name="test" time="32.628" classname="testingxperts.web.tests.KD_TC_11"/>
  <testcase name="test" time="31.672" classname="testingxperts.web.tests.KD_TC_11"/>
  <testcase name="test" time="29.487" classname="testingxperts.web.tests.KD_TC_11"/>
  <testcase name="test" time="33.704" classname="testingxperts.web.tests.KD_TC_11"/>
  <testcase name="test" time="36.337" classname="testingxperts.web.tests.KD_TC_11"/>
  <testcase name="test" time="31.541" classname="testingxperts.web.tests.KD_TC_11"/>
  <testcase name="test" time="33.020" classname="testingxperts.web.tests.KD_TC_11"/>
  <testcase name="test" time="32.379" classname="testingxperts.web.tests.KD_TC_11"/>
  <testcase name="test" time="29.513" classname="testingxperts.web.tests.KD_TC_11"/>
  <testcase name="test" time="33.163" classname="testingxperts.web.tests.KD_TC_11"/>
  <testcase name="test" time="31.350" classname="testingxperts.web.tests.KD_TC_11"/>
  <testcase name="test" time="21.971" classname="testingxperts.web.tests.KD_TC_11">
    <error type="org.openqa.selenium.WebDriverException" message="unknown error: Element &lt;input onmousedown=&quot;radioCheckInputMouseDown=true;focusMousedownCallback(event)&quot; onmouseup=&quot;radioCheckInputMousedDown=false&quot; onmouseout=&quot;radioCheckInputMouseDown=false&quot; class=&quot;radioCheckInput&quot; style=&quot;border-width:0px;padding:3px;margin:0px;vertical-align:middle;width:14px;height:14px;&quot; name=&quot;144&quot; type=&quot;checkbox&quot; id=&quot;id2cb&quot; onclick=&quot;onclickFormUpdate(event, &#039;?x=FB6ESxOm6XFUHPw4dZcDJuxZTWGPX4HW-HRja5Sx6IcanoT6qE1EiDB2QoLu95jk&#039;, &#039;id2cb&#039;)&quot; tabindex=&quot;18&quot; onfocus=&quot;eventCallback(this,&#039;focus&#039;,&#039;?x=*8z5rZf7ZiIyQhDOHX8RJZ4qb2TlUsmAxcOc-*u6bt1l8noRDB*Ja1VV2eCQ9h30&#039;,event)&quot; onblur=&quot;postEventCallback(this,&#039;blur&#039;,&#039;?x=*8z5rZf7ZiIyQhDOHX8RJZ4qb2TlUsmAxcOc-*u6bt1l8noRDB*Ja1VV2eCQ9h30&#039;,event,false)&quot;&gt; is not clickable at point (130, 149). Other element would receive the click: &lt;div id=&quot;blocker&quot; tabindex=&quot;999999&quot; style=&quot;position: absolute; left: 0px; right: 0px; top: 0px; bottom: 0px; z-index: 999999;&quot;&gt;&lt;/div&gt;
  (Session info: chrome=57.0.2987.133)
  (Driver info: chromedriver=2.28.455520 (cc17746adff54984afff480136733114c6b3704b),platform=Windows NT 6.1.7601 SP1 x86_64) (WARNING: The server did not provide any stacktrace information)
Command duration or timeout: 304 milliseconds
Build info: version: &#039;2.53.0&#039;, revision: &#039;35ae25b1534ae328c771e0856c93e187490ca824&#039;, time: &#039;2016-03-15 10:43:46&#039;
System info: host: &#039;cddmww741&#039;, ip: &#039;172.23.2.56&#039;, os.name: &#039;Windows 7&#039;, os.arch: &#039;amd64&#039;, os.version: &#039;6.1&#039;, java.version: &#039;1.8.0_121&#039;
Driver info: org.openqa.selenium.chrome.ChromeDriver
Capabilities [{applicationCacheEnabled=false, rotatable=false, mobileEmulationEnabled=false, networkConnectionEnabled=false, chrome={chromedriverVersion=2.28.455520 (cc17746adff54984afff480136733114c6b3704b), userDataDir=C:\Users\venkat\AppData\Local\Temp\scoped_dir9816_9608}, takesHeapSnapshot=true, pageLoadStrategy=normal, databaseEnabled=false, handlesAlerts=true, hasTouchScreen=false, version=57.0.2987.133, platform=XP, browserConnectionEnabled=false, nativeEvents=true, acceptSslCerts=true, locationContextEnabled=true, webStorageEnabled=true, browserName=chrome, takesScreenshot=true, javascriptEnabled=true, cssSelectorsEnabled=true, unexpectedAlertBehaviour=}]
Session ID: a56669eadc8e3d4d2c01ee7556e8bbc0">
      <![CDATA[org.openqa.selenium.WebDriverException: unknown error: Element <input onmousedown="radioCheckInputMouseDown=true;focusMousedownCallback(event)" onmouseup="radioCheckInputMousedDown=false" onmouseout="radioCheckInputMouseDown=false" class="radioCheckInput" style="border-width:0px;padding:3px;margin:0px;vertical-align:middle;width:14px;height:14px;" name="144" type="checkbox" id="id2cb" onclick="onclickFormUpdate(event, '?x=FB6ESxOm6XFUHPw4dZcDJuxZTWGPX4HW-HRja5Sx6IcanoT6qE1EiDB2QoLu95jk', 'id2cb')" tabindex="18" onfocus="eventCallback(this,'focus','?x=*8z5rZf7ZiIyQhDOHX8RJZ4qb2TlUsmAxcOc-*u6bt1l8noRDB*Ja1VV2eCQ9h30',event)" onblur="postEventCallback(this,'blur','?x=*8z5rZf7ZiIyQhDOHX8RJZ4qb2TlUsmAxcOc-*u6bt1l8noRDB*Ja1VV2eCQ9h30',event,false)"> is not clickable at point (130, 149). Other element would receive the click: <div id="blocker" tabindex="999999" style="position: absolute; left: 0px; right: 0px; top: 0px; bottom: 0px; z-index: 999999;"></div>
  (Session info: chrome=57.0.2987.133)
  (Driver info: chromedriver=2.28.455520 (cc17746adff54984afff480136733114c6b3704b),platform=Windows NT 6.1.7601 SP1 x86_64) (WARNING: The server did not provide any stacktrace information)
Command duration or timeout: 304 milliseconds
Build info: version: '2.53.0', revision: '35ae25b1534ae328c771e0856c93e187490ca824', time: '2016-03-15 10:43:46'
System info: host: 'cddmww741', ip: '172.23.2.56', os.name: 'Windows 7', os.arch: 'amd64', os.version: '6.1', java.version: '1.8.0_121'
Driver info: org.openqa.selenium.chrome.ChromeDriver
Capabilities [{applicationCacheEnabled=false, rotatable=false, mobileEmulationEnabled=false, networkConnectionEnabled=false, chrome={chromedriverVersion=2.28.455520 (cc17746adff54984afff480136733114c6b3704b), userDataDir=C:\Users\venkat\AppData\Local\Temp\scoped_dir9816_9608}, takesHeapSnapshot=true, pageLoadStrategy=normal, databaseEnabled=false, handlesAlerts=true, hasTouchScreen=false, version=57.0.2987.133, platform=XP, browserConnectionEnabled=false, nativeEvents=true, acceptSslCerts=true, locationContextEnabled=true, webStorageEnabled=true, browserName=chrome, takesScreenshot=true, javascriptEnabled=true, cssSelectorsEnabled=true, unexpectedAlertBehaviour=}]
Session ID: a56669eadc8e3d4d2c01ee7556e8bbc0
	at sun.reflect.NativeConstructorAccessorImpl.newInstance0(Native Method)
	at sun.reflect.NativeConstructorAccessorImpl.newInstance(Unknown Source)
	at sun.reflect.DelegatingConstructorAccessorImpl.newInstance(Unknown Source)
	at java.lang.reflect.Constructor.newInstance(Unknown Source)
	at org.openqa.selenium.remote.ErrorHandler.createThrowable(ErrorHandler.java:206)
	at org.openqa.selenium.remote.ErrorHandler.throwIfResponseFailed(ErrorHandler.java:158)
	at org.openqa.selenium.remote.RemoteWebDriver.execute(RemoteWebDriver.java:678)
	at org.openqa.selenium.remote.RemoteWebElement.execute(RemoteWebElement.java:327)
	at org.openqa.selenium.remote.RemoteWebElement.click(RemoteWebElement.java:85)
	at utilities.KeywordUtil.click(KeywordUtil.java:207)
	at testingxperts.web.pages.HomePage.selectSiesmicCheckBox(HomePage.java:2227)
	at testingxperts.web.pages.HomePage.navigatorSearch(HomePage.java:2272)
	at testingxperts.web.tests.KD_TC_11.test(KD_TC_11.java:60)
	at sun.reflect.GeneratedMethodAccessor39.invoke(Unknown Source)
	at sun.reflect.DelegatingMethodAccessorImpl.invoke(Unknown Source)
	at java.lang.reflect.Method.invoke(Unknown Source)
	at org.testng.internal.MethodInvocationHelper.invokeMethod(MethodInvocationHelper.java:104)
	at org.testng.internal.Invoker.invokeMethod(Invoker.java:645)
	at org.testng.internal.Invoker.invokeTestMethod(Invoker.java:851)
	at org.testng.internal.Invoker.invokeTestMethods(Invoker.java:1177)
	at org.testng.internal.TestMethodWorker.invokeTestMethods(TestMethodWorker.java:129)
	at org.testng.internal.TestMethodWorker.run(TestMethodWorker.java:112)
	at org.testng.TestRunner.privateRun(TestRunner.java:756)
	at org.testng.TestRunner.run(TestRunner.java:610)
	at org.testng.SuiteRunner.runTest(SuiteRunner.java:387)
	at org.testng.SuiteRunner.runSequentially(SuiteRunner.java:382)
	at org.testng.SuiteRunner.privateRun(SuiteRunner.java:340)
	at org.testng.SuiteRunner.run(SuiteRunner.java:289)
	at org.testng.SuiteRunnerWorker.runSuite(SuiteRunnerWorker.java:52)
	at org.testng.SuiteRunnerWorker.run(SuiteRunnerWorker.java:86)
	at org.testng.TestNG.runSuitesSequentially(TestNG.java:1293)
	at org.testng.TestNG.runSuitesLocally(TestNG.java:1218)
	at org.testng.TestNG.runSuites(TestNG.java:1133)
	at org.testng.TestNG.run(TestNG.java:1104)
	at suite.runner.CustomSuiteRunner.suiteRunner(CustomSuiteRunner.java:178)
	at sun.reflect.NativeMethodAccessorImpl.invoke0(Native Method)
	at sun.reflect.NativeMethodAccessorImpl.invoke(Unknown Source)
	at sun.reflect.DelegatingMethodAccessorImpl.invoke(Unknown Source)
	at java.lang.reflect.Method.invoke(Unknown Source)
	at org.testng.internal.MethodInvocationHelper.invokeMethod(MethodInvocationHelper.java:104)
	at org.testng.internal.Invoker.invokeMethod(Invoker.java:645)
	at org.testng.internal.Invoker.invokeTestMethod(Invoker.java:851)
	at org.testng.internal.Invoker.invokeTestMethods(Invoker.java:1177)
	at org.testng.internal.TestMethodWorker.invokeTestMethods(TestMethodWorker.java:129)
	at org.testng.internal.TestMethodWorker.run(TestMethodWorker.java:112)
	at org.testng.TestRunner.privateRun(TestRunner.java:756)
	at org.testng.TestRunner.run(TestRunner.java:610)
	at org.testng.SuiteRunner.runTest(SuiteRunner.java:387)
	at org.testng.SuiteRunner.runSequentially(SuiteRunner.java:382)
	at org.testng.SuiteRunner.privateRun(SuiteRunner.java:340)
	at org.testng.SuiteRunner.run(SuiteRunner.java:289)
	at org.testng.SuiteRunnerWorker.runSuite(SuiteRunnerWorker.java:52)
	at org.testng.SuiteRunnerWorker.run(SuiteRunnerWorker.java:86)
	at org.testng.TestNG.runSuitesSequentially(TestNG.java:1293)
	at org.testng.TestNG.runSuitesLocally(TestNG.java:1218)
	at org.testng.TestNG.runSuites(TestNG.java:1133)
	at org.testng.TestNG.run(TestNG.java:1104)
	at org.testng.remote.AbstractRemoteTestNG.run(AbstractRemoteTestNG.java:132)
	at org.testng.remote.RemoteTestNG.initAndRun(RemoteTestNG.java:236)
	at org.testng.remote.RemoteTestNG.main(RemoteTestNG.java:81)
]]>
    </error>
  </testcase> <!-- test -->
  <testcase name="test" time="32.531" classname="testingxperts.web.tests.KD_TC_11"/>
  <testcase name="test" time="34.050" classname="testingxperts.web.tests.KD_TC_11"/>
  <testcase name="test" time="34.733" classname="testingxperts.web.tests.KD_TC_11"/>
  <testcase name="test" time="38.157" classname="testingxperts.web.tests.KD_TC_11"/>
  <testcase name="test" time="31.790" classname="testingxperts.web.tests.KD_TC_11"/>
  <testcase name="test" time="32.902" classname="testingxperts.web.tests.KD_TC_11"/>
  <testcase name="test" time="31.661" classname="testingxperts.web.tests.KD_TC_11"/>
  <testcase name="test" time="32.083" classname="testingxperts.web.tests.KD_TC_11"/>
  <testcase name="test" time="31.568" classname="testingxperts.web.tests.KD_TC_11"/>
  <testcase name="test" time="30.730" classname="testingxperts.web.tests.KD_TC_11"/>
  <testcase name="test" time="31.121" classname="testingxperts.web.tests.KD_TC_11"/>
  <testcase name="test" time="32.544" classname="testingxperts.web.tests.KD_TC_11"/>
  <testcase name="test" time="32.329" classname="testingxperts.web.tests.KD_TC_11"/>
  <testcase name="test" time="31.908" classname="testingxperts.web.tests.KD_TC_11"/>
  <testcase name="test" time="31.769" classname="testingxperts.web.tests.KD_TC_11"/>
  <testcase name="test" time="34.110" classname="testingxperts.web.tests.KD_TC_11"/>
  <testcase name="test" time="32.698" classname="testingxperts.web.tests.KD_TC_11"/>
  <testcase name="test" time="29.645" classname="testingxperts.web.tests.KD_TC_11"/>
  <testcase name="test" time="33.390" classname="testingxperts.web.tests.KD_TC_11"/>
  <testcase name="test" time="32.250" classname="testingxperts.web.tests.KD_TC_11"/>
  <testcase name="test" time="34.744" classname="testingxperts.web.tests.KD_TC_11"/>
  <testcase name="test" time="32.043" classname="testingxperts.web.tests.KD_TC_11"/>
  <testcase name="test" time="32.081" classname="testingxperts.web.tests.KD_TC_11"/>
  <testcase name="test" time="33.325" classname="testingxperts.web.tests.KD_TC_11"/>
  <testcase name="test" time="32.777" classname="testingxperts.web.tests.KD_TC_11"/>
  <testcase name="test" time="33.130" classname="testingxperts.web.tests.KD_TC_11"/>
  <testcase name="test" time="31.196" classname="testingxperts.web.tests.KD_TC_11"/>
  <testcase name="test" time="32.810" classname="testingxperts.web.tests.KD_TC_11"/>
  <testcase name="test" time="32.194" classname="testingxperts.web.tests.KD_TC_11"/>
  <testcase name="test" time="30.034" classname="testingxperts.web.tests.KD_TC_11"/>
  <testcase name="test" time="32.047" classname="testingxperts.web.tests.KD_TC_11"/>
  <testcase name="test" time="25.661" classname="testingxperts.web.tests.KD_TC_11"/>
  <testcase name="test" time="32.715" classname="testingxperts.web.tests.KD_TC_11"/>
  <testcase name="test" time="32.135" classname="testingxperts.web.tests.KD_TC_11"/>
  <testcase name="test" time="21.212" classname="testingxperts.web.tests.KD_TC_11">
    <error type="org.openqa.selenium.WebDriverException" message="unknown error: Element &lt;input onmousedown=&quot;radioCheckInputMouseDown=true;focusMousedownCallback(event)&quot; onmouseup=&quot;radioCheckInputMousedDown=false&quot; onmouseout=&quot;radioCheckInputMouseDown=false&quot; class=&quot;radioCheckInput&quot; style=&quot;border-width:0px;padding:3px;margin:0px;vertical-align:middle;width:14px;height:14px;&quot; name=&quot;144&quot; type=&quot;checkbox&quot; id=&quot;id2cb&quot; onclick=&quot;onclickFormUpdate(event, &#039;?x=kh1wep1GnF4u5Elk9gyQK8THU1xl8QAHd0aEfMgRmMFi*5tV1p4iGzKuL1pcTeT-&#039;, &#039;id2cb&#039;)&quot; tabindex=&quot;18&quot; onfocus=&quot;eventCallback(this,&#039;focus&#039;,&#039;?x=A5KrJypzrb1INgzGQbJ3Rmwdj-M7Y-fwI7SWItRumDS5EKPjwNdqniZ*9m0*xxh*&#039;,event)&quot; onblur=&quot;postEventCallback(this,&#039;blur&#039;,&#039;?x=A5KrJypzrb1INgzGQbJ3Rmwdj-M7Y-fwI7SWItRumDS5EKPjwNdqniZ*9m0*xxh*&#039;,event,false)&quot;&gt; is not clickable at point (130, 149). Other element would receive the click: &lt;div id=&quot;blocker&quot; tabindex=&quot;999999&quot; style=&quot;position: absolute; left: 0px; right: 0px; top: 0px; bottom: 0px; z-index: 999999;&quot;&gt;&lt;/div&gt;
  (Session info: chrome=57.0.2987.133)
  (Driver info: chromedriver=2.28.455520 (cc17746adff54984afff480136733114c6b3704b),platform=Windows NT 6.1.7601 SP1 x86_64) (WARNING: The server did not provide any stacktrace information)
Command duration or timeout: 302 milliseconds
Build info: version: &#039;2.53.0&#039;, revision: &#039;35ae25b1534ae328c771e0856c93e187490ca824&#039;, time: &#039;2016-03-15 10:43:46&#039;
System info: host: &#039;cddmww741&#039;, ip: &#039;172.23.2.56&#039;, os.name: &#039;Windows 7&#039;, os.arch: &#039;amd64&#039;, os.version: &#039;6.1&#039;, java.version: &#039;1.8.0_121&#039;
Driver info: org.openqa.selenium.chrome.ChromeDriver
Capabilities [{applicationCacheEnabled=false, rotatable=false, mobileEmulationEnabled=false, networkConnectionEnabled=false, chrome={chromedriverVersion=2.28.455520 (cc17746adff54984afff480136733114c6b3704b), userDataDir=C:\Users\venkat\AppData\Local\Temp\scoped_dir2968_16762}, takesHeapSnapshot=true, pageLoadStrategy=normal, databaseEnabled=false, handlesAlerts=true, hasTouchScreen=false, version=57.0.2987.133, platform=XP, browserConnectionEnabled=false, nativeEvents=true, acceptSslCerts=true, locationContextEnabled=true, webStorageEnabled=true, browserName=chrome, takesScreenshot=true, javascriptEnabled=true, cssSelectorsEnabled=true, unexpectedAlertBehaviour=}]
Session ID: bbe752ea5c6e6a64daa778f256433bfa">
      <![CDATA[org.openqa.selenium.WebDriverException: unknown error: Element <input onmousedown="radioCheckInputMouseDown=true;focusMousedownCallback(event)" onmouseup="radioCheckInputMousedDown=false" onmouseout="radioCheckInputMouseDown=false" class="radioCheckInput" style="border-width:0px;padding:3px;margin:0px;vertical-align:middle;width:14px;height:14px;" name="144" type="checkbox" id="id2cb" onclick="onclickFormUpdate(event, '?x=kh1wep1GnF4u5Elk9gyQK8THU1xl8QAHd0aEfMgRmMFi*5tV1p4iGzKuL1pcTeT-', 'id2cb')" tabindex="18" onfocus="eventCallback(this,'focus','?x=A5KrJypzrb1INgzGQbJ3Rmwdj-M7Y-fwI7SWItRumDS5EKPjwNdqniZ*9m0*xxh*',event)" onblur="postEventCallback(this,'blur','?x=A5KrJypzrb1INgzGQbJ3Rmwdj-M7Y-fwI7SWItRumDS5EKPjwNdqniZ*9m0*xxh*',event,false)"> is not clickable at point (130, 149). Other element would receive the click: <div id="blocker" tabindex="999999" style="position: absolute; left: 0px; right: 0px; top: 0px; bottom: 0px; z-index: 999999;"></div>
  (Session info: chrome=57.0.2987.133)
  (Driver info: chromedriver=2.28.455520 (cc17746adff54984afff480136733114c6b3704b),platform=Windows NT 6.1.7601 SP1 x86_64) (WARNING: The server did not provide any stacktrace information)
Command duration or timeout: 302 milliseconds
Build info: version: '2.53.0', revision: '35ae25b1534ae328c771e0856c93e187490ca824', time: '2016-03-15 10:43:46'
System info: host: 'cddmww741', ip: '172.23.2.56', os.name: 'Windows 7', os.arch: 'amd64', os.version: '6.1', java.version: '1.8.0_121'
Driver info: org.openqa.selenium.chrome.ChromeDriver
Capabilities [{applicationCacheEnabled=false, rotatable=false, mobileEmulationEnabled=false, networkConnectionEnabled=false, chrome={chromedriverVersion=2.28.455520 (cc17746adff54984afff480136733114c6b3704b), userDataDir=C:\Users\venkat\AppData\Local\Temp\scoped_dir2968_16762}, takesHeapSnapshot=true, pageLoadStrategy=normal, databaseEnabled=false, handlesAlerts=true, hasTouchScreen=false, version=57.0.2987.133, platform=XP, browserConnectionEnabled=false, nativeEvents=true, acceptSslCerts=true, locationContextEnabled=true, webStorageEnabled=true, browserName=chrome, takesScreenshot=true, javascriptEnabled=true, cssSelectorsEnabled=true, unexpectedAlertBehaviour=}]
Session ID: bbe752ea5c6e6a64daa778f256433bfa
	at sun.reflect.NativeConstructorAccessorImpl.newInstance0(Native Method)
	at sun.reflect.NativeConstructorAccessorImpl.newInstance(Unknown Source)
	at sun.reflect.DelegatingConstructorAccessorImpl.newInstance(Unknown Source)
	at java.lang.reflect.Constructor.newInstance(Unknown Source)
	at org.openqa.selenium.remote.ErrorHandler.createThrowable(ErrorHandler.java:206)
	at org.openqa.selenium.remote.ErrorHandler.throwIfResponseFailed(ErrorHandler.java:158)
	at org.openqa.selenium.remote.RemoteWebDriver.execute(RemoteWebDriver.java:678)
	at org.openqa.selenium.remote.RemoteWebElement.execute(RemoteWebElement.java:327)
	at org.openqa.selenium.remote.RemoteWebElement.click(RemoteWebElement.java:85)
	at utilities.KeywordUtil.click(KeywordUtil.java:207)
	at testingxperts.web.pages.HomePage.selectSiesmicCheckBox(HomePage.java:2227)
	at testingxperts.web.pages.HomePage.navigatorSearch(HomePage.java:2272)
	at testingxperts.web.tests.KD_TC_11.test(KD_TC_11.java:60)
	at sun.reflect.GeneratedMethodAccessor39.invoke(Unknown Source)
	at sun.reflect.DelegatingMethodAccessorImpl.invoke(Unknown Source)
	at java.lang.reflect.Method.invoke(Unknown Source)
	at org.testng.internal.MethodInvocationHelper.invokeMethod(MethodInvocationHelper.java:104)
	at org.testng.internal.Invoker.invokeMethod(Invoker.java:645)
	at org.testng.internal.Invoker.invokeTestMethod(Invoker.java:851)
	at org.testng.internal.Invoker.invokeTestMethods(Invoker.java:1177)
	at org.testng.internal.TestMethodWorker.invokeTestMethods(TestMethodWorker.java:129)
	at org.testng.internal.TestMethodWorker.run(TestMethodWorker.java:112)
	at org.testng.TestRunner.privateRun(TestRunner.java:756)
	at org.testng.TestRunner.run(TestRunner.java:610)
	at org.testng.SuiteRunner.runTest(SuiteRunner.java:387)
	at org.testng.SuiteRunner.runSequentially(SuiteRunner.java:382)
	at org.testng.SuiteRunner.privateRun(SuiteRunner.java:340)
	at org.testng.SuiteRunner.run(SuiteRunner.java:289)
	at org.testng.SuiteRunnerWorker.runSuite(SuiteRunnerWorker.java:52)
	at org.testng.SuiteRunnerWorker.run(SuiteRunnerWorker.java:86)
	at org.testng.TestNG.runSuitesSequentially(TestNG.java:1293)
	at org.testng.TestNG.runSuitesLocally(TestNG.java:1218)
	at org.testng.TestNG.runSuites(TestNG.java:1133)
	at org.testng.TestNG.run(TestNG.java:1104)
	at suite.runner.CustomSuiteRunner.suiteRunner(CustomSuiteRunner.java:178)
	at sun.reflect.NativeMethodAccessorImpl.invoke0(Native Method)
	at sun.reflect.NativeMethodAccessorImpl.invoke(Unknown Source)
	at sun.reflect.DelegatingMethodAccessorImpl.invoke(Unknown Source)
	at java.lang.reflect.Method.invoke(Unknown Source)
	at org.testng.internal.MethodInvocationHelper.invokeMethod(MethodInvocationHelper.java:104)
	at org.testng.internal.Invoker.invokeMethod(Invoker.java:645)
	at org.testng.internal.Invoker.invokeTestMethod(Invoker.java:851)
	at org.testng.internal.Invoker.invokeTestMethods(Invoker.java:1177)
	at org.testng.internal.TestMethodWorker.invokeTestMethods(TestMethodWorker.java:129)
	at org.testng.internal.TestMethodWorker.run(TestMethodWorker.java:112)
	at org.testng.TestRunner.privateRun(TestRunner.java:756)
	at org.testng.TestRunner.run(TestRunner.java:610)
	at org.testng.SuiteRunner.runTest(SuiteRunner.java:387)
	at org.testng.SuiteRunner.runSequentially(SuiteRunner.java:382)
	at org.testng.SuiteRunner.privateRun(SuiteRunner.java:340)
	at org.testng.SuiteRunner.run(SuiteRunner.java:289)
	at org.testng.SuiteRunnerWorker.runSuite(SuiteRunnerWorker.java:52)
	at org.testng.SuiteRunnerWorker.run(SuiteRunnerWorker.java:86)
	at org.testng.TestNG.runSuitesSequentially(TestNG.java:1293)
	at org.testng.TestNG.runSuitesLocally(TestNG.java:1218)
	at org.testng.TestNG.runSuites(TestNG.java:1133)
	at org.testng.TestNG.run(TestNG.java:1104)
	at org.testng.remote.AbstractRemoteTestNG.run(AbstractRemoteTestNG.java:132)
	at org.testng.remote.RemoteTestNG.initAndRun(RemoteTestNG.java:236)
	at org.testng.remote.RemoteTestNG.main(RemoteTestNG.java:81)
]]>
    </error>
  </testcase> <!-- test -->
  <testcase name="test" time="32.663" classname="testingxperts.web.tests.KD_TC_11"/>
  <testcase name="test" time="33.061" classname="testingxperts.web.tests.KD_TC_11"/>
  <testcase name="test" time="32.480" classname="testingxperts.web.tests.KD_TC_11"/>
  <testcase name="test" time="32.914" classname="testingxperts.web.tests.KD_TC_11"/>
  <testcase name="test" time="32.083" classname="testingxperts.web.tests.KD_TC_11"/>
  <testcase name="test" time="30.430" classname="testingxperts.web.tests.KD_TC_11"/>
  <testcase name="test" time="32.692" classname="testingxperts.web.tests.KD_TC_11"/>
  <testcase name="test" time="32.647" classname="testingxperts.web.tests.KD_TC_11"/>
  <testcase name="test" time="31.718" classname="testingxperts.web.tests.KD_TC_11"/>
  <testcase name="test" time="32.921" classname="testingxperts.web.tests.KD_TC_11"/>
  <testcase name="test" time="32.658" classname="testingxperts.web.tests.KD_TC_11"/>
  <testcase name="test" time="32.358" classname="testingxperts.web.tests.KD_TC_11"/>
  <testcase name="test" time="21.933" classname="testingxperts.web.tests.KD_TC_11">
    <error type="org.openqa.selenium.WebDriverException" message="unknown error: Element &lt;input onmousedown=&quot;radioCheckInputMouseDown=true;focusMousedownCallback(event)&quot; onmouseup=&quot;radioCheckInputMousedDown=false&quot; onmouseout=&quot;radioCheckInputMouseDown=false&quot; class=&quot;radioCheckInput&quot; style=&quot;border-width:0px;padding:3px;margin:0px;vertical-align:middle;width:14px;height:14px;&quot; name=&quot;144&quot; type=&quot;checkbox&quot; id=&quot;id2cb&quot; onclick=&quot;onclickFormUpdate(event, &#039;?x=oSAnd1JYPn6hx5I1TwqLx95DmSP0q9T0ZFpLzpqq78QmRU88TJivyCmt6dFxM4xc&#039;, &#039;id2cb&#039;)&quot; tabindex=&quot;18&quot; onfocus=&quot;eventCallback(this,&#039;focus&#039;,&#039;?x=iYa5A6PYD9ViOYjtA2Y4RbdvmRX2QccK63yRcgySszYYl4D*Ut9oNch2wtX20oC5&#039;,event)&quot; onblur=&quot;postEventCallback(this,&#039;blur&#039;,&#039;?x=iYa5A6PYD9ViOYjtA2Y4RbdvmRX2QccK63yRcgySszYYl4D*Ut9oNch2wtX20oC5&#039;,event,false)&quot;&gt; is not clickable at point (130, 149). Other element would receive the click: &lt;div id=&quot;blocker&quot; tabindex=&quot;999999&quot; style=&quot;position: absolute; left: 0px; right: 0px; top: 0px; bottom: 0px; z-index: 999999;&quot;&gt;&lt;/div&gt;
  (Session info: chrome=57.0.2987.133)
  (Driver info: chromedriver=2.28.455520 (cc17746adff54984afff480136733114c6b3704b),platform=Windows NT 6.1.7601 SP1 x86_64) (WARNING: The server did not provide any stacktrace information)
Command duration or timeout: 375 milliseconds
Build info: version: &#039;2.53.0&#039;, revision: &#039;35ae25b1534ae328c771e0856c93e187490ca824&#039;, time: &#039;2016-03-15 10:43:46&#039;
System info: host: &#039;cddmww741&#039;, ip: &#039;172.23.2.56&#039;, os.name: &#039;Windows 7&#039;, os.arch: &#039;amd64&#039;, os.version: &#039;6.1&#039;, java.version: &#039;1.8.0_121&#039;
Driver info: org.openqa.selenium.chrome.ChromeDriver
Capabilities [{applicationCacheEnabled=false, rotatable=false, mobileEmulationEnabled=false, networkConnectionEnabled=false, chrome={chromedriverVersion=2.28.455520 (cc17746adff54984afff480136733114c6b3704b), userDataDir=C:\Users\venkat\AppData\Local\Temp\scoped_dir9760_16191}, takesHeapSnapshot=true, pageLoadStrategy=normal, databaseEnabled=false, handlesAlerts=true, hasTouchScreen=false, version=57.0.2987.133, platform=XP, browserConnectionEnabled=false, nativeEvents=true, acceptSslCerts=true, locationContextEnabled=true, webStorageEnabled=true, browserName=chrome, takesScreenshot=true, javascriptEnabled=true, cssSelectorsEnabled=true, unexpectedAlertBehaviour=}]
Session ID: 2a121ba59aad8aff46839c168b121581">
      <![CDATA[org.openqa.selenium.WebDriverException: unknown error: Element <input onmousedown="radioCheckInputMouseDown=true;focusMousedownCallback(event)" onmouseup="radioCheckInputMousedDown=false" onmouseout="radioCheckInputMouseDown=false" class="radioCheckInput" style="border-width:0px;padding:3px;margin:0px;vertical-align:middle;width:14px;height:14px;" name="144" type="checkbox" id="id2cb" onclick="onclickFormUpdate(event, '?x=oSAnd1JYPn6hx5I1TwqLx95DmSP0q9T0ZFpLzpqq78QmRU88TJivyCmt6dFxM4xc', 'id2cb')" tabindex="18" onfocus="eventCallback(this,'focus','?x=iYa5A6PYD9ViOYjtA2Y4RbdvmRX2QccK63yRcgySszYYl4D*Ut9oNch2wtX20oC5',event)" onblur="postEventCallback(this,'blur','?x=iYa5A6PYD9ViOYjtA2Y4RbdvmRX2QccK63yRcgySszYYl4D*Ut9oNch2wtX20oC5',event,false)"> is not clickable at point (130, 149). Other element would receive the click: <div id="blocker" tabindex="999999" style="position: absolute; left: 0px; right: 0px; top: 0px; bottom: 0px; z-index: 999999;"></div>
  (Session info: chrome=57.0.2987.133)
  (Driver info: chromedriver=2.28.455520 (cc17746adff54984afff480136733114c6b3704b),platform=Windows NT 6.1.7601 SP1 x86_64) (WARNING: The server did not provide any stacktrace information)
Command duration or timeout: 375 milliseconds
Build info: version: '2.53.0', revision: '35ae25b1534ae328c771e0856c93e187490ca824', time: '2016-03-15 10:43:46'
System info: host: 'cddmww741', ip: '172.23.2.56', os.name: 'Windows 7', os.arch: 'amd64', os.version: '6.1', java.version: '1.8.0_121'
Driver info: org.openqa.selenium.chrome.ChromeDriver
Capabilities [{applicationCacheEnabled=false, rotatable=false, mobileEmulationEnabled=false, networkConnectionEnabled=false, chrome={chromedriverVersion=2.28.455520 (cc17746adff54984afff480136733114c6b3704b), userDataDir=C:\Users\venkat\AppData\Local\Temp\scoped_dir9760_16191}, takesHeapSnapshot=true, pageLoadStrategy=normal, databaseEnabled=false, handlesAlerts=true, hasTouchScreen=false, version=57.0.2987.133, platform=XP, browserConnectionEnabled=false, nativeEvents=true, acceptSslCerts=true, locationContextEnabled=true, webStorageEnabled=true, browserName=chrome, takesScreenshot=true, javascriptEnabled=true, cssSelectorsEnabled=true, unexpectedAlertBehaviour=}]
Session ID: 2a121ba59aad8aff46839c168b121581
	at sun.reflect.NativeConstructorAccessorImpl.newInstance0(Native Method)
	at sun.reflect.NativeConstructorAccessorImpl.newInstance(Unknown Source)
	at sun.reflect.DelegatingConstructorAccessorImpl.newInstance(Unknown Source)
	at java.lang.reflect.Constructor.newInstance(Unknown Source)
	at org.openqa.selenium.remote.ErrorHandler.createThrowable(ErrorHandler.java:206)
	at org.openqa.selenium.remote.ErrorHandler.throwIfResponseFailed(ErrorHandler.java:158)
	at org.openqa.selenium.remote.RemoteWebDriver.execute(RemoteWebDriver.java:678)
	at org.openqa.selenium.remote.RemoteWebElement.execute(RemoteWebElement.java:327)
	at org.openqa.selenium.remote.RemoteWebElement.click(RemoteWebElement.java:85)
	at utilities.KeywordUtil.click(KeywordUtil.java:207)
	at testingxperts.web.pages.HomePage.selectSiesmicCheckBox(HomePage.java:2227)
	at testingxperts.web.pages.HomePage.navigatorSearch(HomePage.java:2272)
	at testingxperts.web.tests.KD_TC_11.test(KD_TC_11.java:60)
	at sun.reflect.GeneratedMethodAccessor39.invoke(Unknown Source)
	at sun.reflect.DelegatingMethodAccessorImpl.invoke(Unknown Source)
	at java.lang.reflect.Method.invoke(Unknown Source)
	at org.testng.internal.MethodInvocationHelper.invokeMethod(MethodInvocationHelper.java:104)
	at org.testng.internal.Invoker.invokeMethod(Invoker.java:645)
	at org.testng.internal.Invoker.invokeTestMethod(Invoker.java:851)
	at org.testng.internal.Invoker.invokeTestMethods(Invoker.java:1177)
	at org.testng.internal.TestMethodWorker.invokeTestMethods(TestMethodWorker.java:129)
	at org.testng.internal.TestMethodWorker.run(TestMethodWorker.java:112)
	at org.testng.TestRunner.privateRun(TestRunner.java:756)
	at org.testng.TestRunner.run(TestRunner.java:610)
	at org.testng.SuiteRunner.runTest(SuiteRunner.java:387)
	at org.testng.SuiteRunner.runSequentially(SuiteRunner.java:382)
	at org.testng.SuiteRunner.privateRun(SuiteRunner.java:340)
	at org.testng.SuiteRunner.run(SuiteRunner.java:289)
	at org.testng.SuiteRunnerWorker.runSuite(SuiteRunnerWorker.java:52)
	at org.testng.SuiteRunnerWorker.run(SuiteRunnerWorker.java:86)
	at org.testng.TestNG.runSuitesSequentially(TestNG.java:1293)
	at org.testng.TestNG.runSuitesLocally(TestNG.java:1218)
	at org.testng.TestNG.runSuites(TestNG.java:1133)
	at org.testng.TestNG.run(TestNG.java:1104)
	at suite.runner.CustomSuiteRunner.suiteRunner(CustomSuiteRunner.java:178)
	at sun.reflect.NativeMethodAccessorImpl.invoke0(Native Method)
	at sun.reflect.NativeMethodAccessorImpl.invoke(Unknown Source)
	at sun.reflect.DelegatingMethodAccessorImpl.invoke(Unknown Source)
	at java.lang.reflect.Method.invoke(Unknown Source)
	at org.testng.internal.MethodInvocationHelper.invokeMethod(MethodInvocationHelper.java:104)
	at org.testng.internal.Invoker.invokeMethod(Invoker.java:645)
	at org.testng.internal.Invoker.invokeTestMethod(Invoker.java:851)
	at org.testng.internal.Invoker.invokeTestMethods(Invoker.java:1177)
	at org.testng.internal.TestMethodWorker.invokeTestMethods(TestMethodWorker.java:129)
	at org.testng.internal.TestMethodWorker.run(TestMethodWorker.java:112)
	at org.testng.TestRunner.privateRun(TestRunner.java:756)
	at org.testng.TestRunner.run(TestRunner.java:610)
	at org.testng.SuiteRunner.runTest(SuiteRunner.java:387)
	at org.testng.SuiteRunner.runSequentially(SuiteRunner.java:382)
	at org.testng.SuiteRunner.privateRun(SuiteRunner.java:340)
	at org.testng.SuiteRunner.run(SuiteRunner.java:289)
	at org.testng.SuiteRunnerWorker.runSuite(SuiteRunnerWorker.java:52)
	at org.testng.SuiteRunnerWorker.run(SuiteRunnerWorker.java:86)
	at org.testng.TestNG.runSuitesSequentially(TestNG.java:1293)
	at org.testng.TestNG.runSuitesLocally(TestNG.java:1218)
	at org.testng.TestNG.runSuites(TestNG.java:1133)
	at org.testng.TestNG.run(TestNG.java:1104)
	at org.testng.remote.AbstractRemoteTestNG.run(AbstractRemoteTestNG.java:132)
	at org.testng.remote.RemoteTestNG.initAndRun(RemoteTestNG.java:236)
	at org.testng.remote.RemoteTestNG.main(RemoteTestNG.java:81)
]]>
    </error>
  </testcase> <!-- test -->
  <testcase name="test" time="31.798" classname="testingxperts.web.tests.KD_TC_11"/>
  <testcase name="test" time="32.428" classname="testingxperts.web.tests.KD_TC_11"/>
  <testcase name="test" time="32.851" classname="testingxperts.web.tests.KD_TC_11"/>
  <testcase name="test" time="33.371" classname="testingxperts.web.tests.KD_TC_11"/>
  <testcase name="test" time="31.610" classname="testingxperts.web.tests.KD_TC_11"/>
  <testcase name="test" time="32.465" classname="testingxperts.web.tests.KD_TC_11"/>
  <testcase name="test" time="30.352" classname="testingxperts.web.tests.KD_TC_11"/>
  <testcase name="test" time="32.965" classname="testingxperts.web.tests.KD_TC_11"/>
  <testcase name="test" time="32.496" classname="testingxperts.web.tests.KD_TC_11"/>
  <testcase name="test" time="33.271" classname="testingxperts.web.tests.KD_TC_11"/>
  <testcase name="test" time="31.928" classname="testingxperts.web.tests.KD_TC_11"/>
  <testcase name="test" time="37.673" classname="testingxperts.web.tests.KD_TC_11"/>
  <testcase name="test" time="31.959" classname="testingxperts.web.tests.KD_TC_11"/>
  <testcase name="test" time="29.946" classname="testingxperts.web.tests.KD_TC_11"/>
  <testcase name="test" time="32.829" classname="testingxperts.web.tests.KD_TC_11"/>
  <testcase name="test" time="35.792" classname="testingxperts.web.tests.KD_TC_11"/>
  <testcase name="test" time="33.683" classname="testingxperts.web.tests.KD_TC_11"/>
  <testcase name="test" time="31.407" classname="testingxperts.web.tests.KD_TC_11"/>
  <testcase name="test" time="30.462" classname="testingxperts.web.tests.KD_TC_11"/>
  <testcase name="test" time="32.526" classname="testingxperts.web.tests.KD_TC_11"/>
  <testcase name="test" time="32.814" classname="testingxperts.web.tests.KD_TC_11"/>
  <testcase name="test" time="32.556" classname="testingxperts.web.tests.KD_TC_11"/>
  <testcase name="test" time="33.061" classname="testingxperts.web.tests.KD_TC_11"/>
  <testcase name="test" time="24.103" classname="testingxperts.web.tests.KD_TC_11">
    <error type="org.openqa.selenium.WebDriverException" message="unknown error: Element &lt;input onmousedown=&quot;radioCheckInputMouseDown=true;focusMousedownCallback(event)&quot; onmouseup=&quot;radioCheckInputMousedDown=false&quot; onmouseout=&quot;radioCheckInputMouseDown=false&quot; class=&quot;radioCheckInput&quot; style=&quot;border-width:0px;padding:3px;margin:0px;vertical-align:middle;width:14px;height:14px;&quot; name=&quot;144&quot; type=&quot;checkbox&quot; id=&quot;id2cb&quot; onclick=&quot;onclickFormUpdate(event, &#039;?x=c7THP6MkvxC-cGcndS4YsECR8BXAmtpmCvo4iX060rzWA8*KYJ97UnjI6pyczWur&#039;, &#039;id2cb&#039;)&quot; tabindex=&quot;18&quot; onfocus=&quot;eventCallback(this,&#039;focus&#039;,&#039;?x=E1JEAmBtN0k*440xs6RCrLzwNk8PO7RzGCdQQFXpMFQg4L6qcLllRgYkuaDUUkgb&#039;,event)&quot; onblur=&quot;postEventCallback(this,&#039;blur&#039;,&#039;?x=E1JEAmBtN0k*440xs6RCrLzwNk8PO7RzGCdQQFXpMFQg4L6qcLllRgYkuaDUUkgb&#039;,event,false)&quot;&gt; is not clickable at point (130, 149). Other element would receive the click: &lt;div id=&quot;blocker&quot; tabindex=&quot;999999&quot; style=&quot;position: absolute; left: 0px; right: 0px; top: 0px; bottom: 0px; z-index: 999999;&quot;&gt;&lt;/div&gt;
  (Session info: chrome=57.0.2987.133)
  (Driver info: chromedriver=2.28.455520 (cc17746adff54984afff480136733114c6b3704b),platform=Windows NT 6.1.7601 SP1 x86_64) (WARNING: The server did not provide any stacktrace information)
Command duration or timeout: 341 milliseconds
Build info: version: &#039;2.53.0&#039;, revision: &#039;35ae25b1534ae328c771e0856c93e187490ca824&#039;, time: &#039;2016-03-15 10:43:46&#039;
System info: host: &#039;cddmww741&#039;, ip: &#039;172.23.2.56&#039;, os.name: &#039;Windows 7&#039;, os.arch: &#039;amd64&#039;, os.version: &#039;6.1&#039;, java.version: &#039;1.8.0_121&#039;
Driver info: org.openqa.selenium.chrome.ChromeDriver
Capabilities [{applicationCacheEnabled=false, rotatable=false, mobileEmulationEnabled=false, networkConnectionEnabled=false, chrome={chromedriverVersion=2.28.455520 (cc17746adff54984afff480136733114c6b3704b), userDataDir=C:\Users\venkat\AppData\Local\Temp\scoped_dir4392_27240}, takesHeapSnapshot=true, pageLoadStrategy=normal, databaseEnabled=false, handlesAlerts=true, hasTouchScreen=false, version=57.0.2987.133, platform=XP, browserConnectionEnabled=false, nativeEvents=true, acceptSslCerts=true, locationContextEnabled=true, webStorageEnabled=true, browserName=chrome, takesScreenshot=true, javascriptEnabled=true, cssSelectorsEnabled=true, unexpectedAlertBehaviour=}]
Session ID: 24ec8dde64832313be5b594f8be68e86">
      <![CDATA[org.openqa.selenium.WebDriverException: unknown error: Element <input onmousedown="radioCheckInputMouseDown=true;focusMousedownCallback(event)" onmouseup="radioCheckInputMousedDown=false" onmouseout="radioCheckInputMouseDown=false" class="radioCheckInput" style="border-width:0px;padding:3px;margin:0px;vertical-align:middle;width:14px;height:14px;" name="144" type="checkbox" id="id2cb" onclick="onclickFormUpdate(event, '?x=c7THP6MkvxC-cGcndS4YsECR8BXAmtpmCvo4iX060rzWA8*KYJ97UnjI6pyczWur', 'id2cb')" tabindex="18" onfocus="eventCallback(this,'focus','?x=E1JEAmBtN0k*440xs6RCrLzwNk8PO7RzGCdQQFXpMFQg4L6qcLllRgYkuaDUUkgb',event)" onblur="postEventCallback(this,'blur','?x=E1JEAmBtN0k*440xs6RCrLzwNk8PO7RzGCdQQFXpMFQg4L6qcLllRgYkuaDUUkgb',event,false)"> is not clickable at point (130, 149). Other element would receive the click: <div id="blocker" tabindex="999999" style="position: absolute; left: 0px; right: 0px; top: 0px; bottom: 0px; z-index: 999999;"></div>
  (Session info: chrome=57.0.2987.133)
  (Driver info: chromedriver=2.28.455520 (cc17746adff54984afff480136733114c6b3704b),platform=Windows NT 6.1.7601 SP1 x86_64) (WARNING: The server did not provide any stacktrace information)
Command duration or timeout: 341 milliseconds
Build info: version: '2.53.0', revision: '35ae25b1534ae328c771e0856c93e187490ca824', time: '2016-03-15 10:43:46'
System info: host: 'cddmww741', ip: '172.23.2.56', os.name: 'Windows 7', os.arch: 'amd64', os.version: '6.1', java.version: '1.8.0_121'
Driver info: org.openqa.selenium.chrome.ChromeDriver
Capabilities [{applicationCacheEnabled=false, rotatable=false, mobileEmulationEnabled=false, networkConnectionEnabled=false, chrome={chromedriverVersion=2.28.455520 (cc17746adff54984afff480136733114c6b3704b), userDataDir=C:\Users\venkat\AppData\Local\Temp\scoped_dir4392_27240}, takesHeapSnapshot=true, pageLoadStrategy=normal, databaseEnabled=false, handlesAlerts=true, hasTouchScreen=false, version=57.0.2987.133, platform=XP, browserConnectionEnabled=false, nativeEvents=true, acceptSslCerts=true, locationContextEnabled=true, webStorageEnabled=true, browserName=chrome, takesScreenshot=true, javascriptEnabled=true, cssSelectorsEnabled=true, unexpectedAlertBehaviour=}]
Session ID: 24ec8dde64832313be5b594f8be68e86
	at sun.reflect.NativeConstructorAccessorImpl.newInstance0(Native Method)
	at sun.reflect.NativeConstructorAccessorImpl.newInstance(Unknown Source)
	at sun.reflect.DelegatingConstructorAccessorImpl.newInstance(Unknown Source)
	at java.lang.reflect.Constructor.newInstance(Unknown Source)
	at org.openqa.selenium.remote.ErrorHandler.createThrowable(ErrorHandler.java:206)
	at org.openqa.selenium.remote.ErrorHandler.throwIfResponseFailed(ErrorHandler.java:158)
	at org.openqa.selenium.remote.RemoteWebDriver.execute(RemoteWebDriver.java:678)
	at org.openqa.selenium.remote.RemoteWebElement.execute(RemoteWebElement.java:327)
	at org.openqa.selenium.remote.RemoteWebElement.click(RemoteWebElement.java:85)
	at utilities.KeywordUtil.click(KeywordUtil.java:207)
	at testingxperts.web.pages.HomePage.selectSiesmicCheckBox(HomePage.java:2227)
	at testingxperts.web.pages.HomePage.navigatorSearch(HomePage.java:2272)
	at testingxperts.web.tests.KD_TC_11.test(KD_TC_11.java:60)
	at sun.reflect.GeneratedMethodAccessor39.invoke(Unknown Source)
	at sun.reflect.DelegatingMethodAccessorImpl.invoke(Unknown Source)
	at java.lang.reflect.Method.invoke(Unknown Source)
	at org.testng.internal.MethodInvocationHelper.invokeMethod(MethodInvocationHelper.java:104)
	at org.testng.internal.Invoker.invokeMethod(Invoker.java:645)
	at org.testng.internal.Invoker.invokeTestMethod(Invoker.java:851)
	at org.testng.internal.Invoker.invokeTestMethods(Invoker.java:1177)
	at org.testng.internal.TestMethodWorker.invokeTestMethods(TestMethodWorker.java:129)
	at org.testng.internal.TestMethodWorker.run(TestMethodWorker.java:112)
	at org.testng.TestRunner.privateRun(TestRunner.java:756)
	at org.testng.TestRunner.run(TestRunner.java:610)
	at org.testng.SuiteRunner.runTest(SuiteRunner.java:387)
	at org.testng.SuiteRunner.runSequentially(SuiteRunner.java:382)
	at org.testng.SuiteRunner.privateRun(SuiteRunner.java:340)
	at org.testng.SuiteRunner.run(SuiteRunner.java:289)
	at org.testng.SuiteRunnerWorker.runSuite(SuiteRunnerWorker.java:52)
	at org.testng.SuiteRunnerWorker.run(SuiteRunnerWorker.java:86)
	at org.testng.TestNG.runSuitesSequentially(TestNG.java:1293)
	at org.testng.TestNG.runSuitesLocally(TestNG.java:1218)
	at org.testng.TestNG.runSuites(TestNG.java:1133)
	at org.testng.TestNG.run(TestNG.java:1104)
	at suite.runner.CustomSuiteRunner.suiteRunner(CustomSuiteRunner.java:178)
	at sun.reflect.NativeMethodAccessorImpl.invoke0(Native Method)
	at sun.reflect.NativeMethodAccessorImpl.invoke(Unknown Source)
	at sun.reflect.DelegatingMethodAccessorImpl.invoke(Unknown Source)
	at java.lang.reflect.Method.invoke(Unknown Source)
	at org.testng.internal.MethodInvocationHelper.invokeMethod(MethodInvocationHelper.java:104)
	at org.testng.internal.Invoker.invokeMethod(Invoker.java:645)
	at org.testng.internal.Invoker.invokeTestMethod(Invoker.java:851)
	at org.testng.internal.Invoker.invokeTestMethods(Invoker.java:1177)
	at org.testng.internal.TestMethodWorker.invokeTestMethods(TestMethodWorker.java:129)
	at org.testng.internal.TestMethodWorker.run(TestMethodWorker.java:112)
	at org.testng.TestRunner.privateRun(TestRunner.java:756)
	at org.testng.TestRunner.run(TestRunner.java:610)
	at org.testng.SuiteRunner.runTest(SuiteRunner.java:387)
	at org.testng.SuiteRunner.runSequentially(SuiteRunner.java:382)
	at org.testng.SuiteRunner.privateRun(SuiteRunner.java:340)
	at org.testng.SuiteRunner.run(SuiteRunner.java:289)
	at org.testng.SuiteRunnerWorker.runSuite(SuiteRunnerWorker.java:52)
	at org.testng.SuiteRunnerWorker.run(SuiteRunnerWorker.java:86)
	at org.testng.TestNG.runSuitesSequentially(TestNG.java:1293)
	at org.testng.TestNG.runSuitesLocally(TestNG.java:1218)
	at org.testng.TestNG.runSuites(TestNG.java:1133)
	at org.testng.TestNG.run(TestNG.java:1104)
	at org.testng.remote.AbstractRemoteTestNG.run(AbstractRemoteTestNG.java:132)
	at org.testng.remote.RemoteTestNG.initAndRun(RemoteTestNG.java:236)
	at org.testng.remote.RemoteTestNG.main(RemoteTestNG.java:81)
]]>
    </error>
  </testcase> <!-- test -->
  <testcase name="test" time="32.008" classname="testingxperts.web.tests.KD_TC_11"/>
  <testcase name="test" time="33.206" classname="testingxperts.web.tests.KD_TC_11"/>
  <testcase name="test" time="33.827" classname="testingxperts.web.tests.KD_TC_11"/>
  <testcase name="test" time="33.651" classname="testingxperts.web.tests.KD_TC_11"/>
  <testcase name="test" time="33.248" classname="testingxperts.web.tests.KD_TC_11"/>
  <testcase name="test" time="32.996" classname="testingxperts.web.tests.KD_TC_11"/>
  <testcase name="test" time="36.022" classname="testingxperts.web.tests.KD_TC_11"/>
  <testcase name="test" time="32.538" classname="testingxperts.web.tests.KD_TC_11"/>
  <testcase name="test" time="32.585" classname="testingxperts.web.tests.KD_TC_11"/>
  <testcase name="test" time="32.708" classname="testingxperts.web.tests.KD_TC_11"/>
  <testcase name="test" time="37.772" classname="testingxperts.web.tests.KD_TC_11"/>
  <testcase name="test" time="31.871" classname="testingxperts.web.tests.KD_TC_11"/>
  <testcase name="test" time="33.691" classname="testingxperts.web.tests.KD_TC_11"/>
  <testcase name="test" time="31.585" classname="testingxperts.web.tests.KD_TC_11"/>
  <testcase name="test" time="32.984" classname="testingxperts.web.tests.KD_TC_11"/>
  <testcase name="test" time="25.949" classname="testingxperts.web.tests.KD_TC_11"/>
  <testcase name="test" time="34.325" classname="testingxperts.web.tests.KD_TC_11"/>
  <testcase name="test" time="31.822" classname="testingxperts.web.tests.KD_TC_11"/>
  <testcase name="test" time="35.357" classname="testingxperts.web.tests.KD_TC_11"/>
  <testcase name="test" time="26.016" classname="testingxperts.web.tests.KD_TC_11"/>
  <testcase name="test" time="32.544" classname="testingxperts.web.tests.KD_TC_11"/>
  <testcase name="test" time="33.943" classname="testingxperts.web.tests.KD_TC_11"/>
  <testcase name="test" time="26.296" classname="testingxperts.web.tests.KD_TC_11"/>
  <testcase name="test" time="32.970" classname="testingxperts.web.tests.KD_TC_11"/>
  <testcase name="test" time="31.904" classname="testingxperts.web.tests.KD_TC_11"/>
  <testcase name="test" time="31.945" classname="testingxperts.web.tests.KD_TC_11"/>
  <testcase name="test" time="30.895" classname="testingxperts.web.tests.KD_TC_11"/>
  <testcase name="test" time="32.098" classname="testingxperts.web.tests.KD_TC_11"/>
  <testcase name="test" time="33.414" classname="testingxperts.web.tests.KD_TC_11"/>
  <testcase name="test" time="33.295" classname="testingxperts.web.tests.KD_TC_11"/>
  <testcase name="test" time="30.332" classname="testingxperts.web.tests.KD_TC_11"/>
  <testcase name="test" time="32.522" classname="testingxperts.web.tests.KD_TC_11"/>
  <testcase name="test" time="31.750" classname="testingxperts.web.tests.KD_TC_11"/>
  <testcase name="test" time="31.981" classname="testingxperts.web.tests.KD_TC_11"/>
  <testcase name="test" time="33.620" classname="testingxperts.web.tests.KD_TC_11"/>
  <testcase name="test" time="31.213" classname="testingxperts.web.tests.KD_TC_11"/>
  <testcase name="test" time="32.578" classname="testingxperts.web.tests.KD_TC_11"/>
  <testcase name="test" time="34.399" classname="testingxperts.web.tests.KD_TC_11"/>
  <testcase name="test" time="32.397" classname="testingxperts.web.tests.KD_TC_11"/>
  <testcase name="test" time="31.346" classname="testingxperts.web.tests.KD_TC_11"/>
  <testcase name="test" time="32.930" classname="testingxperts.web.tests.KD_TC_11"/>
  <testcase name="test" time="32.689" classname="testingxperts.web.tests.KD_TC_11"/>
  <testcase name="test" time="31.815" classname="testingxperts.web.tests.KD_TC_11"/>
  <testcase name="test" time="31.416" classname="testingxperts.web.tests.KD_TC_11"/>
  <testcase name="test" time="32.944" classname="testingxperts.web.tests.KD_TC_11"/>
  <testcase name="test" time="32.714" classname="testingxperts.web.tests.KD_TC_11"/>
  <testcase name="test" time="32.669" classname="testingxperts.web.tests.KD_TC_11"/>
  <testcase name="test" time="34.588" classname="testingxperts.web.tests.KD_TC_11"/>
  <testcase name="test" time="34.965" classname="testingxperts.web.tests.KD_TC_11"/>
  <testcase name="test" time="32.230" classname="testingxperts.web.tests.KD_TC_11"/>
  <testcase name="test" time="31.835" classname="testingxperts.web.tests.KD_TC_11"/>
  <testcase name="test" time="30.201" classname="testingxperts.web.tests.KD_TC_11"/>
  <testcase name="test" time="25.961" classname="testingxperts.web.tests.KD_TC_11"/>
  <testcase name="test" time="35.311" classname="testingxperts.web.tests.KD_TC_11"/>
  <testcase name="test" time="32.449" classname="testingxperts.web.tests.KD_TC_11"/>
  <testcase name="test" time="31.151" classname="testingxperts.web.tests.KD_TC_11"/>
  <testcase name="test" time="31.555" classname="testingxperts.web.tests.KD_TC_11"/>
  <testcase name="test" time="32.112" classname="testingxperts.web.tests.KD_TC_11"/>
  <testcase name="test" time="33.295" classname="testingxperts.web.tests.KD_TC_11"/>
  <testcase name="test" time="32.142" classname="testingxperts.web.tests.KD_TC_11"/>
  <testcase name="test" time="31.128" classname="testingxperts.web.tests.KD_TC_11"/>
  <testcase name="test" time="33.403" classname="testingxperts.web.tests.KD_TC_11"/>
  <testcase name="test" time="33.375" classname="testingxperts.web.tests.KD_TC_11"/>
  <testcase name="test" time="33.018" classname="testingxperts.web.tests.KD_TC_11"/>
  <testcase name="test" time="32.391" classname="testingxperts.web.tests.KD_TC_11"/>
  <testcase name="test" time="33.021" classname="testingxperts.web.tests.KD_TC_11"/>
  <testcase name="test" time="34.377" classname="testingxperts.web.tests.KD_TC_11"/>
  <testcase name="test" time="32.706" classname="testingxperts.web.tests.KD_TC_11"/>
  <testcase name="test" time="34.172" classname="testingxperts.web.tests.KD_TC_11"/>
  <testcase name="test" time="32.762" classname="testingxperts.web.tests.KD_TC_11"/>
  <testcase name="test" time="31.639" classname="testingxperts.web.tests.KD_TC_11"/>
  <testcase name="test" time="30.947" classname="testingxperts.web.tests.KD_TC_11"/>
  <testcase name="test" time="33.350" classname="testingxperts.web.tests.KD_TC_11"/>
  <testcase name="test" time="33.206" classname="testingxperts.web.tests.KD_TC_11"/>
  <testcase name="test" time="32.896" classname="testingxperts.web.tests.KD_TC_11"/>
  <testcase name="test" time="33.418" classname="testingxperts.web.tests.KD_TC_11"/>
  <testcase name="test" time="31.379" classname="testingxperts.web.tests.KD_TC_11"/>
  <testcase name="test" time="33.410" classname="testingxperts.web.tests.KD_TC_11"/>
  <testcase name="test" time="29.999" classname="testingxperts.web.tests.KD_TC_11"/>
  <testcase name="test" time="32.997" classname="testingxperts.web.tests.KD_TC_11"/>
  <testcase name="test" time="32.568" classname="testingxperts.web.tests.KD_TC_11"/>
  <testcase name="test" time="32.768" classname="testingxperts.web.tests.KD_TC_11"/>
  <testcase name="test" time="31.657" classname="testingxperts.web.tests.KD_TC_11"/>
  <testcase name="test" time="34.519" classname="testingxperts.web.tests.KD_TC_11"/>
  <testcase name="test" time="32.199" classname="testingxperts.web.tests.KD_TC_11"/>
  <testcase name="test" time="26.101" classname="testingxperts.web.tests.KD_TC_11"/>
  <testcase name="test" time="31.875" classname="testingxperts.web.tests.KD_TC_11"/>
  <testcase name="test" time="31.906" classname="testingxperts.web.tests.KD_TC_11"/>
  <testcase name="test" time="34.720" classname="testingxperts.web.tests.KD_TC_11"/>
  <testcase name="test" time="32.541" classname="testingxperts.web.tests.KD_TC_11"/>
  <testcase name="test" time="32.614" classname="testingxperts.web.tests.KD_TC_11"/>
  <testcase name="test" time="41.771" classname="testingxperts.web.tests.KD_TC_11"/>
  <testcase name="test" time="33.412" classname="testingxperts.web.tests.KD_TC_11"/>
  <testcase name="test" time="25.863" classname="testingxperts.web.tests.KD_TC_11"/>
  <testcase name="test" time="34.473" classname="testingxperts.web.tests.KD_TC_11"/>
  <testcase name="test" time="32.642" classname="testingxperts.web.tests.KD_TC_11"/>
  <testcase name="test" time="33.411" classname="testingxperts.web.tests.KD_TC_11"/>
  <testcase name="test" time="32.216" classname="testingxperts.web.tests.KD_TC_11"/>
  <testcase name="test" time="32.948" classname="testingxperts.web.tests.KD_TC_11"/>
  <testcase name="test" time="32.800" classname="testingxperts.web.tests.KD_TC_11"/>
  <testcase name="test" time="32.531" classname="testingxperts.web.tests.KD_TC_11"/>
</testsuite> <!-- testingxperts.web.tests.KD_TC_11 -->
